#
# A fatal error has been detected by the Java Runtime Environment:
#
#  EXCEPTION_ACCESS_VIOLATION (0xc0000005) at pc=0x00000000652a6fbf, pid=12828, tid=6848
#
# JRE version: Java(TM) SE Runtime Environment (14.0.1+7) (build 14.0.1+7)
# Java VM: Java HotSpot(TM) 64-Bit Server VM (14.0.1+7, mixed mode, sharing, tiered, compressed oops, g1 gc, windows-amd64)
# Problematic frame:
# C  [libtesseract-4.dll+0x26fbf]
#
# No core dump will be written. Minidumps are not enabled by default on client versions of Windows
#
# If you would like to submit a bug report, please visit:
#   https://bugreport.java.com/bugreport/crash.jsp
# The crash happened outside the Java Virtual Machine in native code.
# See problematic frame for where to report the bug.
#

---------------  S U M M A R Y ------------

Command Line: -javaagent:C:\Program Files\JetBrains\IntelliJ IDEA Community Edition 2020.2.3\lib\idea_rt.jar=57395:C:\Program Files\JetBrains\IntelliJ IDEA Community Edition 2020.2.3\bin -Dfile.encoding=UTF-8 me.agramon.overseer.Overseer

Host: AMD Ryzen 9 4900HS with Radeon Graphics         , 16 cores, 15G,  Windows 10 , 64 bit Build 19041 (10.0.19041.546)
Time: Tue Feb  9 18:36:06 2021 Eastern Standard Time elapsed time: 3 seconds (0d 0h 0m 3s)

---------------  T H R E A D  ---------------

Current thread (0x000002218f354000):  JavaThread "JDA MainWS-ReadThread" [_thread_in_native, id=6848, stack(0x000000e41c700000,0x000000e41c800000)]

Stack: [0x000000e41c700000,0x000000e41c800000],  sp=0x000000e41c7fe670,  free space=1017k
Native frames: (J=compiled Java code, j=interpreted, Vv=VM code, C=native code)
C  [libtesseract-4.dll+0x26fbf]

Java frames: (J=compiled Java code, j=interpreted, Vv=VM code)
j  org.bytedeco.tesseract.TessBaseAPI.GetUTF8Text()Lorg/bytedeco/javacpp/BytePointer;+0
j  me.agramon.overseer.OCR.execute(Lcom/jagrosh/jdautilities/command/CommandEvent;)V+54
j  com.jagrosh.jdautilities.command.Command.run(Lcom/jagrosh/jdautilities/command/CommandEvent;)V+884
j  com.jagrosh.jdautilities.command.impl.CommandClientImpl.onMessageReceived(Lnet/dv8tion/jda/api/events/message/MessageReceivedEvent;)V+634
j  com.jagrosh.jdautilities.command.impl.CommandClientImpl.onEvent(Lnet/dv8tion/jda/api/events/GenericEvent;)V+12
j  net.dv8tion.jda.api.hooks.InterfacedEventManager.handle(Lnet/dv8tion/jda/api/events/GenericEvent;)V+29
j  net.dv8tion.jda.internal.hooks.EventManagerProxy.handleInternally(Lnet/dv8tion/jda/api/events/GenericEvent;)V+5
j  net.dv8tion.jda.internal.hooks.EventManagerProxy.handle(Lnet/dv8tion/jda/api/events/GenericEvent;)V+40
j  net.dv8tion.jda.internal.JDAImpl.handleEvent(Lnet/dv8tion/jda/api/events/GenericEvent;)V+5
j  net.dv8tion.jda.internal.handle.MessageCreateHandler.handleInternally(Lnet/dv8tion/jda/api/utils/data/DataObject;)Ljava/lang/Long;+522
j  net.dv8tion.jda.internal.handle.SocketHandler.handle(JLnet/dv8tion/jda/api/utils/data/DataObject;)V+17
j  net.dv8tion.jda.internal.requests.WebSocketClient.onDispatch(Lnet/dv8tion/jda/api/utils/data/DataObject;)V+513
j  net.dv8tion.jda.internal.requests.WebSocketClient.onEvent(Lnet/dv8tion/jda/api/utils/data/DataObject;)V+106
j  net.dv8tion.jda.internal.requests.WebSocketClient.handleEvent(Lnet/dv8tion/jda/api/utils/data/DataObject;)V+2
j  net.dv8tion.jda.internal.requests.WebSocketClient.onBinaryMessage(Lcom/neovisionaries/ws/client/WebSocket;[B)V+34
j  com.neovisionaries.ws.client.ListenerManager.callOnBinaryMessage([B)V+35
j  com.neovisionaries.ws.client.ReadingThread.callOnBinaryMessage([B)V+8
j  com.neovisionaries.ws.client.ReadingThread.handleBinaryFrame(Lcom/neovisionaries/ws/client/WebSocketFrame;)Z+33
j  com.neovisionaries.ws.client.ReadingThread.handleFrame(Lcom/neovisionaries/ws/client/WebSocketFrame;)Z+82
j  com.neovisionaries.ws.client.ReadingThread.main()V+47
j  com.neovisionaries.ws.client.ReadingThread.runMain()V+1
j  com.neovisionaries.ws.client.WebSocketThread.run()V+22
v  ~StubRoutines::call_stub

siginfo: EXCEPTION_ACCESS_VIOLATION (0xc0000005), reading address 0x000000000000000c


Register to memory mapping:

RIP=0x00000000652a6fbf libtesseract-4.dll
RAX=0x0 is NULL
RBX=0x000002218f91dbb0 points into unknown readable memory: 90 8d 4f 65 00 00 00 00
RCX=0x000002218f93f538 points into unknown readable memory: 00 00 00 00 00 00 00 00
RDX=0x0 is NULL
RSP=0x000000e41c7fe670 is pointing into the stack for thread: 0x000002218f354000
RBP=0x0 is NULL
RSI=0x000000e41c7fe6e0 is pointing into the stack for thread: 0x000002218f354000
RDI=0x000002218f9a49e0 points into unknown readable memory: 00 00 00 00 00 00 00 00
R8 =0x0 is NULL
R9 =0x000002218f9a4c60 points into unknown readable memory: b0 ad 9d 8f 21 02 00 00
R10=0x000002218f9dadb0 points into unknown readable memory: 60 ac d8 91 21 02 00 00
R11=0x8101010101010100 is an unknown value
R12=0x0 is NULL
R13=0x00000221917db0b0 is pointing into metadata
R14=0x0 is NULL
R15=0x000002218f354000 is a thread


Registers:
RAX=0x0000000000000000, RBX=0x000002218f91dbb0, RCX=0x000002218f93f538, RDX=0x0000000000000000
RSP=0x000000e41c7fe670, RBP=0x0000000000000000, RSI=0x000000e41c7fe6e0, RDI=0x000002218f9a49e0
R8 =0x0000000000000000, R9 =0x000002218f9a4c60, R10=0x000002218f9dadb0, R11=0x8101010101010100
R12=0x0000000000000000, R13=0x00000221917db0b0, R14=0x0000000000000000, R15=0x000002218f354000
RIP=0x00000000652a6fbf, EFLAGS=0x0000000000010246

Top of Stack: (sp=0x000000e41c7fe670)
0x000000e41c7fe670:   000002218f9a2b80 000002218f9a2b80
0x000000e41c7fe680:   000002218f9a2b80 0000000000010000
0x000000e41c7fe690:   00000000e98ecb6d 0000000000000000
0x000000e41c7fe6a0:   0000000000000050 0000000000000000
0x000000e41c7fe6b0:   0000000000ba410d 0000000000000000
0x000000e41c7fe6c0:   000000006d60e880 0000000000000000
0x000000e41c7fe6d0:   0000000003020101 0000000000000000
0x000000e41c7fe6e0:   000002218f9a49e0 0000000000000000
0x000000e41c7fe6f0:   0000000000000000 0000000000000000
0x000000e41c7fe700:   000002218f9a4c60 000002218f9a2560
0x000000e41c7fe710:   000002218f9a3300 0000022191d8a490
0x000000e41c7fe720:   000002218f9a2740 000002218f9a3300
0x000000e41c7fe730:   000002218f9a49e8 000002218f9a3300
0x000000e41c7fe740:   000002218f9a3300 000002218f9a3300
0x000000e41c7fe750:   000002218f9a3300 000002218f000000
0x000000e41c7fe760:   000002218f9a3328 000002218f9a2560 

Instructions: (pc=0x00000000652a6fbf)
0x00000000652a6ebf:   48 89 44 24 20 e8 27 84 ff ff 48 89 fa 48 89 d9
0x00000000652a6ecf:   e8 4c 88 ff ff 80 bb a2 18 02 00 00 0f 85 8c 03
0x00000000652a6edf:   00 00 48 89 fa 48 89 d9 e8 14 72 ff ff e9 ff fd
0x00000000652a6eef:   ff ff 48 8b 40 10 7e 2b 44 8b 08 45 85 c9 75 49
0x00000000652a6eff:   48 83 c0 04 83 ea 01 48 8d 14 90 eb 11 0f 1f 40
0x00000000652a6f0f:   00 48 83 c0 04 44 8b 40 fc 45 85 c0 75 2b 48 39
0x00000000652a6f1f:   c2 75 ee 48 85 c9 74 19 8b 41 10 8d 50 ff 83 fa
0x00000000652a6f2f:   02 76 0e 83 e8 05 83 f8 03 77 0e 66 0f 1f 44 00
0x00000000652a6f3f:   00 48 89 f1 e8 e8 d6 17 00 45 31 c0 31 d2 48 89
0x00000000652a6f4f:   f1 e8 cb 85 17 00 48 8b 84 24 90 00 00 00 48 85
0x00000000652a6f5f:   c0 0f 84 ea fd ff ff 48 8b 94 24 a0 00 00 00 31
0x00000000652a6f6f:   c9 48 8b 52 08 48 85 d2 74 04 48 8b 4a 08 48 8b
0x00000000652a6f7f:   80 38 01 00 00 48 85 c0 74 b7 8b 50 34 83 fa 00
0x00000000652a6f8f:   74 af e9 5b ff ff ff 66 2e 0f 1f 84 00 00 00 00
0x00000000652a6f9f:   00 31 d2 48 89 f1 e8 26 8a 17 00 8b 83 08 14 00
0x00000000652a6faf:   00 85 c0 0f 8f a8 00 00 00 48 8b 83 b0 09 00 00
0x00000000652a6fbf:   80 78 0c 00 0f 85 97 02 00 00 8b 83 d8 44 02 00
0x00000000652a6fcf:   85 c0 0f 8e 99 00 00 00 45 31 ff 45 31 ed eb 23
0x00000000652a6fdf:   90 48 8b 81 b0 09 00 00 80 78 0c 00 0f 85 cf 01
0x00000000652a6fef:   00 00 41 83 c5 01 49 83 c7 08 44 3b ab d8 44 02
0x00000000652a6fff:   00 7d 6e 48 8b 83 e0 44 02 00 4a 8b 0c 38 8b 81
0x00000000652a700f:   08 14 00 00 85 c0 7e c9 e8 04 07 0f 00 eb d3 66
0x00000000652a701f:   90 80 bb 7a 2d 02 00 00 0f 85 e2 fc ff ff 8b 93
0x00000000652a702f:   b4 1a 02 00 49 89 f8 4c 89 e9 e8 82 82 0b 00 31
0x00000000652a703f:   d2 48 89 f1 e8 88 89 17 00 48 8b 84 24 90 00 00
0x00000000652a704f:   00 48 85 c0 0f 85 0d ff ff ff e9 02 fd ff ff 66
0x00000000652a705f:   90 48 89 d9 e8 b8 06 0f 00 e9 5c ff ff ff 0f 1f
0x00000000652a706f:   00 4c 8d 6c 24 50 ba 04 00 00 00 48 c7 44 24 50
0x00000000652a707f:   00 00 00 00 4c 89 e9 e8 15 99 1c 00 4c 8b 8c 24
0x00000000652a708f:   20 02 00 00 4c 89 6c 24 28 4d 89 f0 48 89 7c 24
0x00000000652a709f:   20 ba 01 00 00 00 48 89 d9 e8 03 f4 ff ff 8b 83
0x00000000652a70af:   d4 35 02 00 85 c0 74 0b 4c 89 ea 48 89 d9 e8 de 


Stack slot to memory mapping:
stack at sp + 0 slots: 0x000002218f9a2b80 points into unknown readable memory: 80 2b 9a 8f 21 02 00 00
stack at sp + 1 slots: 0x000002218f9a2b80 points into unknown readable memory: 80 2b 9a 8f 21 02 00 00
stack at sp + 2 slots: 0x000002218f9a2b80 points into unknown readable memory: 80 2b 9a 8f 21 02 00 00
stack at sp + 3 slots: 0x0000000000010000 is an unknown value
stack at sp + 4 slots: 0x00000000e98ecb6d is an unknown value
stack at sp + 5 slots: 0x0 is NULL
stack at sp + 6 slots: 0x0000000000000050 is an unknown value
stack at sp + 7 slots: 0x0 is NULL


---------------  P R O C E S S  ---------------

Threads class SMR info:
_java_thread_list=0x000002218efaeed0, length=29, elements={
0x000002218db7b000, 0x000002218db7c000, 0x000002218db8c000, 0x000002218db8f000,
0x000002218db91800, 0x000002218db94800, 0x000002218db98000, 0x000002218db99000,
0x000002218db71000, 0x000002218dd03000, 0x000002218dd08800, 0x000002218e2c3800,
0x000002218e31a000, 0x000002218ea81800, 0x000002218ebd5000, 0x000002218eb45800,
0x000002218ed90800, 0x000002218edc0800, 0x000002218edc1000, 0x000002218ed2b800,
0x000002218ed2c000, 0x000002218f352000, 0x000002218f353000, 0x000002218f354800,
0x000002218f359000, 0x000002218f356800, 0x000002218f354000, 0x000002218f358000,
0x000002218f355800
}

Java Threads: ( => current thread )
  0x000002218db7b000 JavaThread "Reference Handler" daemon [_thread_blocked, id=7668, stack(0x000000e41a000000,0x000000e41a100000)]
  0x000002218db7c000 JavaThread "Finalizer" daemon [_thread_blocked, id=15524, stack(0x000000e41a100000,0x000000e41a200000)]
  0x000002218db8c000 JavaThread "Signal Dispatcher" daemon [_thread_blocked, id=7692, stack(0x000000e41a200000,0x000000e41a300000)]
  0x000002218db8f000 JavaThread "Attach Listener" daemon [_thread_blocked, id=14496, stack(0x000000e41a300000,0x000000e41a400000)]
  0x000002218db91800 JavaThread "Service Thread" daemon [_thread_blocked, id=8564, stack(0x000000e41a400000,0x000000e41a500000)]
  0x000002218db94800 JavaThread "C2 CompilerThread0" daemon [_thread_blocked, id=18176, stack(0x000000e41a500000,0x000000e41a600000)]
  0x000002218db98000 JavaThread "C1 CompilerThread0" daemon [_thread_blocked, id=14488, stack(0x000000e41a600000,0x000000e41a700000)]
  0x000002218db99000 JavaThread "Sweeper thread" daemon [_thread_blocked, id=18476, stack(0x000000e41a700000,0x000000e41a800000)]
  0x000002218db71000 JavaThread "Common-Cleaner" daemon [_thread_blocked, id=13688, stack(0x000000e41a800000,0x000000e41a900000)]
  0x000002218dd03000 JavaThread "C1 CompilerThread1" daemon [_thread_blocked, id=12924, stack(0x000000e41a900000,0x000000e41aa00000)]
  0x000002218dd08800 JavaThread "C1 CompilerThread2" daemon [_thread_blocked, id=10016, stack(0x000000e41aa00000,0x000000e41ab00000)]
  0x000002218e2c3800 JavaThread "Monitor Ctrl-Break" daemon [_thread_in_native, id=3392, stack(0x000000e41ac00000,0x000000e41ad00000)]
  0x000002218e31a000 JavaThread "Notification Thread" daemon [_thread_blocked, id=15128, stack(0x000000e41ad00000,0x000000e41ae00000)]
  0x000002218ea81800 JavaThread "C1 CompilerThread3" daemon [_thread_blocked, id=11724, stack(0x000000e41af00000,0x000000e41b000000)]
  0x000002218ebd5000 JavaThread "JDA RateLimit-Worker 1" [_thread_blocked, id=12788, stack(0x000000e41b500000,0x000000e41b600000)]
  0x000002218eb45800 JavaThread "JDA RateLimit-Worker 2" [_thread_blocked, id=12312, stack(0x000000e41b600000,0x000000e41b700000)]
  0x000002218ed90800 JavaThread "OkHttp discord.com" [_thread_in_native, id=9156, stack(0x000000e41b800000,0x000000e41b900000)]
  0x000002218edc0800 JavaThread "OkHttp ConnectionPool" daemon [_thread_blocked, id=11988, stack(0x000000e41b900000,0x000000e41ba00000)]
  0x000002218edc1000 JavaThread "OkHttp discord.com Writer" [_thread_blocked, id=17700, stack(0x000000e41ba00000,0x000000e41bb00000)]
  0x000002218ed2b800 JavaThread "Okio Watchdog" daemon [_thread_blocked, id=15172, stack(0x000000e41bb00000,0x000000e41bc00000)]
  0x000002218ed2c000 JavaThread "OkHttp Http2Connection" daemon [_thread_blocked, id=9348, stack(0x000000e41bc00000,0x000000e41bd00000)]
  0x000002218f352000 JavaThread "ForkJoinPool.commonPool-worker-19" daemon [_thread_blocked, id=18908, stack(0x000000e41c200000,0x000000e41c300000)]
  0x000002218f353000 JavaThread "JDA RateLimit-Worker 3" [_thread_blocked, id=11392, stack(0x000000e41c300000,0x000000e41c400000)]
  0x000002218f354800 JavaThread "ConcurrentSessionController-Worker-0" [_thread_blocked, id=14024, stack(0x000000e41c400000,0x000000e41c500000)]
  0x000002218f359000 JavaThread "JDA Gateway-Worker 1" daemon [_thread_blocked, id=11532, stack(0x000000e41c500000,0x000000e41c600000)]
  0x000002218f356800 JavaThread "DestroyJavaVM" [_thread_blocked, id=6772, stack(0x000000e419900000,0x000000e419a00000)]
=>0x000002218f354000 JavaThread "JDA MainWS-ReadThread" [_thread_in_native, id=6848, stack(0x000000e41c700000,0x000000e41c800000)]
  0x000002218f358000 JavaThread "JDA MainWS-WriteThread" [_thread_blocked, id=13184, stack(0x000000e41c800000,0x000000e41c900000)]
  0x000002218f355800 JavaThread "JavaCPP Deallocator" daemon [_thread_blocked, id=14064, stack(0x000000e41ab00000,0x000000e41ac00000)]

Other Threads:
  0x000002218db77000 VMThread "VM Thread" [stack: 0x000000e419f00000,0x000000e41a000000] [id=17724]
  0x000002218e31e800 WatcherThread [stack: 0x000000e41ae00000,0x000000e41af00000] [id=5052]
  0x00000221e6f7e800 GCTaskThread "GC Thread#0" [stack: 0x000000e419a00000,0x000000e419b00000] [id=4028]
  0x000002218eb3c000 GCTaskThread "GC Thread#1" [stack: 0x000000e41b000000,0x000000e41b100000] [id=17620]
  0x000002218eb3c800 GCTaskThread "GC Thread#2" [stack: 0x000000e41b100000,0x000000e41b200000] [id=10868]
  0x000002218eb3e000 GCTaskThread "GC Thread#3" [stack: 0x000000e41b200000,0x000000e41b300000] [id=18260]
  0x000002218eb3f000 GCTaskThread "GC Thread#4" [stack: 0x000000e41b300000,0x000000e41b400000] [id=18012]
  0x000002218ee44000 GCTaskThread "GC Thread#5" [stack: 0x000000e41bd00000,0x000000e41be00000] [id=11608]
  0x000002218ee1c800 GCTaskThread "GC Thread#6" [stack: 0x000000e41be00000,0x000000e41bf00000] [id=13052]
  0x000002218ee1d000 GCTaskThread "GC Thread#7" [stack: 0x000000e41bf00000,0x000000e41c000000] [id=8368]
  0x000002218ee34000 GCTaskThread "GC Thread#8" [stack: 0x000000e41c000000,0x000000e41c100000] [id=15468]
  0x000002218ee38800 GCTaskThread "GC Thread#9" [stack: 0x000000e41c100000,0x000000e41c200000] [id=8044]
  0x0000022190811800 GCTaskThread "GC Thread#10" [stack: 0x000000e41ca00000,0x000000e41cb00000] [id=11712]
  0x000002218efaf800 GCTaskThread "GC Thread#11" [stack: 0x000000e41cb00000,0x000000e41cc00000] [id=11940]
  0x0000022190b51800 GCTaskThread "GC Thread#12" [stack: 0x000000e41cc00000,0x000000e41cd00000] [id=7764]
  0x00000221e6fa0000 ConcurrentGCThread "G1 Main Marker" [stack: 0x000000e419b00000,0x000000e419c00000] [id=2896]
  0x00000221e6fa1800 ConcurrentGCThread "G1 Conc#0" [stack: 0x000000e419c00000,0x000000e419d00000] [id=16272]
  0x000002218f106000 ConcurrentGCThread "G1 Conc#1" [stack: 0x000000e41cd00000,0x000000e41ce00000] [id=2328]
  0x000002218ef27800 ConcurrentGCThread "G1 Conc#2" [stack: 0x000000e41ce00000,0x000000e41cf00000] [id=13116]
  0x000002218d1d2000 ConcurrentGCThread "G1 Refine#0" [stack: 0x000000e419d00000,0x000000e419e00000] [id=13432]
  0x000002218d1d3000 ConcurrentGCThread "G1 Young RemSet Sampling" [stack: 0x000000e419e00000,0x000000e419f00000] [id=19052]

Threads with active compile tasks:

VM state:not at safepoint (normal execution)

VM Mutex/Monitor currently owned by a thread: None

Heap address: 0x0000000709400000, size: 3948 MB, Compressed Oops mode: Zero based, Oop shift amount: 3
Narrow klass base: 0x0000000800000000, Narrow klass shift: 3
Compressed class space size: 1073741824 Address: 0x0000000800b30000

Heap:
 garbage-first heap   total 147456K, used 27282K [0x0000000709400000, 0x0000000800000000)
  region size 1024K, 19 young (19456K), 1 survivors (1024K)
 Metaspace       used 23588K, capacity 24066K, committed 24192K, reserved 1071104K
  class space    used 2517K, capacity 2684K, committed 2688K, reserved 1048576K
Heap Regions: E=young(eden), S=young(survivor), O=old, HS=humongous(starts), HC=humongous(continues), CS=collection set, F=free, OA=open archive, CA=closed archive, TAMS=top-at-mark-start (previous, next)
|   0|0x0000000709400000, 0x0000000709500000, 0x0000000709500000|100%| O|  |TAMS 0x0000000709500000, 0x0000000709400000| Untracked 
|   1|0x0000000709500000, 0x0000000709600000, 0x0000000709600000|100%| O|  |TAMS 0x0000000709600000, 0x0000000709500000| Untracked 
|   2|0x0000000709600000, 0x0000000709700000, 0x0000000709700000|100%| O|  |TAMS 0x0000000709700000, 0x0000000709600000| Untracked 
|   3|0x0000000709700000, 0x0000000709800000, 0x0000000709800000|100%| O|  |TAMS 0x0000000709800000, 0x0000000709700000| Untracked 
|   4|0x0000000709800000, 0x0000000709900000, 0x0000000709900000|100%| O|  |TAMS 0x0000000709900000, 0x0000000709800000| Untracked 
|   5|0x0000000709900000, 0x000000070997ae00, 0x0000000709a00000| 47%| O|  |TAMS 0x000000070997ae00, 0x0000000709900000| Untracked 
|   6|0x0000000709a00000, 0x0000000709b00000, 0x0000000709b00000|100%| O|  |TAMS 0x0000000709a00000, 0x0000000709a00000| Untracked 
|   7|0x0000000709b00000, 0x0000000709c00000, 0x0000000709c00000|100%| O|  |TAMS 0x0000000709b00000, 0x0000000709b00000| Untracked 
|   8|0x0000000709c00000, 0x0000000709d00000, 0x0000000709d00000|100%| O|  |TAMS 0x0000000709c00000, 0x0000000709c00000| Untracked 
|   9|0x0000000709d00000, 0x0000000709dece00, 0x0000000709e00000| 92%| O|  |TAMS 0x0000000709d00000, 0x0000000709d00000| Untracked 
|  10|0x0000000709e00000, 0x0000000709e00000, 0x0000000709f00000|  0%| F|  |TAMS 0x0000000709e00000, 0x0000000709e00000| Untracked 
|  11|0x0000000709f00000, 0x0000000709f00000, 0x000000070a000000|  0%| F|  |TAMS 0x0000000709f00000, 0x0000000709f00000| Untracked 
|  12|0x000000070a000000, 0x000000070a000000, 0x000000070a100000|  0%| F|  |TAMS 0x000000070a000000, 0x000000070a000000| Untracked 
|  13|0x000000070a100000, 0x000000070a100000, 0x000000070a200000|  0%| F|  |TAMS 0x000000070a100000, 0x000000070a100000| Untracked 
|  14|0x000000070a200000, 0x000000070a200000, 0x000000070a300000|  0%| F|  |TAMS 0x000000070a200000, 0x000000070a200000| Untracked 
|  15|0x000000070a300000, 0x000000070a300000, 0x000000070a400000|  0%| F|  |TAMS 0x000000070a300000, 0x000000070a300000| Untracked 
|  16|0x000000070a400000, 0x000000070a400000, 0x000000070a500000|  0%| F|  |TAMS 0x000000070a400000, 0x000000070a400000| Untracked 
|  17|0x000000070a500000, 0x000000070a500000, 0x000000070a600000|  0%| F|  |TAMS 0x000000070a500000, 0x000000070a500000| Untracked 
|  18|0x000000070a600000, 0x000000070a600000, 0x000000070a700000|  0%| F|  |TAMS 0x000000070a600000, 0x000000070a600000| Untracked 
|  19|0x000000070a700000, 0x000000070a700000, 0x000000070a800000|  0%| F|  |TAMS 0x000000070a700000, 0x000000070a700000| Untracked 
|  20|0x000000070a800000, 0x000000070a800000, 0x000000070a900000|  0%| F|  |TAMS 0x000000070a800000, 0x000000070a800000| Untracked 
|  21|0x000000070a900000, 0x000000070a900000, 0x000000070aa00000|  0%| F|  |TAMS 0x000000070a900000, 0x000000070a900000| Untracked 
|  22|0x000000070aa00000, 0x000000070aa00000, 0x000000070ab00000|  0%| F|  |TAMS 0x000000070aa00000, 0x000000070aa00000| Untracked 
|  23|0x000000070ab00000, 0x000000070ab00000, 0x000000070ac00000|  0%| F|  |TAMS 0x000000070ab00000, 0x000000070ab00000| Untracked 
|  24|0x000000070ac00000, 0x000000070ac00000, 0x000000070ad00000|  0%| F|  |TAMS 0x000000070ac00000, 0x000000070ac00000| Untracked 
|  25|0x000000070ad00000, 0x000000070ad00000, 0x000000070ae00000|  0%| F|  |TAMS 0x000000070ad00000, 0x000000070ad00000| Untracked 
|  26|0x000000070ae00000, 0x000000070ae00000, 0x000000070af00000|  0%| F|  |TAMS 0x000000070ae00000, 0x000000070ae00000| Untracked 
|  27|0x000000070af00000, 0x000000070af00000, 0x000000070b000000|  0%| F|  |TAMS 0x000000070af00000, 0x000000070af00000| Untracked 
|  28|0x000000070b000000, 0x000000070b000000, 0x000000070b100000|  0%| F|  |TAMS 0x000000070b000000, 0x000000070b000000| Untracked 
|  29|0x000000070b100000, 0x000000070b100000, 0x000000070b200000|  0%| F|  |TAMS 0x000000070b100000, 0x000000070b100000| Untracked 
|  30|0x000000070b200000, 0x000000070b200000, 0x000000070b300000|  0%| F|  |TAMS 0x000000070b200000, 0x000000070b200000| Untracked 
|  31|0x000000070b300000, 0x000000070b300000, 0x000000070b400000|  0%| F|  |TAMS 0x000000070b300000, 0x000000070b300000| Untracked 
|  32|0x000000070b400000, 0x000000070b400000, 0x000000070b500000|  0%| F|  |TAMS 0x000000070b400000, 0x000000070b400000| Untracked 
|  33|0x000000070b500000, 0x000000070b500000, 0x000000070b600000|  0%| F|  |TAMS 0x000000070b500000, 0x000000070b500000| Untracked 
|  34|0x000000070b600000, 0x000000070b600000, 0x000000070b700000|  0%| F|  |TAMS 0x000000070b600000, 0x000000070b600000| Untracked 
|  35|0x000000070b700000, 0x000000070b700000, 0x000000070b800000|  0%| F|  |TAMS 0x000000070b700000, 0x000000070b700000| Untracked 
|  36|0x000000070b800000, 0x000000070b800000, 0x000000070b900000|  0%| F|  |TAMS 0x000000070b800000, 0x000000070b800000| Untracked 
|  37|0x000000070b900000, 0x000000070b900000, 0x000000070ba00000|  0%| F|  |TAMS 0x000000070b900000, 0x000000070b900000| Untracked 
|  38|0x000000070ba00000, 0x000000070ba00000, 0x000000070bb00000|  0%| F|  |TAMS 0x000000070ba00000, 0x000000070ba00000| Untracked 
|  39|0x000000070bb00000, 0x000000070bb00000, 0x000000070bc00000|  0%| F|  |TAMS 0x000000070bb00000, 0x000000070bb00000| Untracked 
|  40|0x000000070bc00000, 0x000000070bc00000, 0x000000070bd00000|  0%| F|  |TAMS 0x000000070bc00000, 0x000000070bc00000| Untracked 
|  41|0x000000070bd00000, 0x000000070bd00000, 0x000000070be00000|  0%| F|  |TAMS 0x000000070bd00000, 0x000000070bd00000| Untracked 
|  42|0x000000070be00000, 0x000000070be00000, 0x000000070bf00000|  0%| F|  |TAMS 0x000000070be00000, 0x000000070be00000| Untracked 
|  43|0x000000070bf00000, 0x000000070bf00000, 0x000000070c000000|  0%| F|  |TAMS 0x000000070bf00000, 0x000000070bf00000| Untracked 
|  44|0x000000070c000000, 0x000000070c000000, 0x000000070c100000|  0%| F|  |TAMS 0x000000070c000000, 0x000000070c000000| Untracked 
|  45|0x000000070c100000, 0x000000070c100000, 0x000000070c200000|  0%| F|  |TAMS 0x000000070c100000, 0x000000070c100000| Untracked 
|  46|0x000000070c200000, 0x000000070c200000, 0x000000070c300000|  0%| F|  |TAMS 0x000000070c200000, 0x000000070c200000| Untracked 
|  47|0x000000070c300000, 0x000000070c300000, 0x000000070c400000|  0%| F|  |TAMS 0x000000070c300000, 0x000000070c300000| Untracked 
|  48|0x000000070c400000, 0x000000070c400000, 0x000000070c500000|  0%| F|  |TAMS 0x000000070c400000, 0x000000070c400000| Untracked 
|  49|0x000000070c500000, 0x000000070c500000, 0x000000070c600000|  0%| F|  |TAMS 0x000000070c500000, 0x000000070c500000| Untracked 
|  50|0x000000070c600000, 0x000000070c600000, 0x000000070c700000|  0%| F|  |TAMS 0x000000070c600000, 0x000000070c600000| Untracked 
|  51|0x000000070c700000, 0x000000070c700000, 0x000000070c800000|  0%| F|  |TAMS 0x000000070c700000, 0x000000070c700000| Untracked 
|  52|0x000000070c800000, 0x000000070c800000, 0x000000070c900000|  0%| F|  |TAMS 0x000000070c800000, 0x000000070c800000| Untracked 
|  53|0x000000070c900000, 0x000000070c900000, 0x000000070ca00000|  0%| F|  |TAMS 0x000000070c900000, 0x000000070c900000| Untracked 
|  54|0x000000070ca00000, 0x000000070ca00000, 0x000000070cb00000|  0%| F|  |TAMS 0x000000070ca00000, 0x000000070ca00000| Untracked 
|  55|0x000000070cb00000, 0x000000070cb00000, 0x000000070cc00000|  0%| F|  |TAMS 0x000000070cb00000, 0x000000070cb00000| Untracked 
|  56|0x000000070cc00000, 0x000000070cc00000, 0x000000070cd00000|  0%| F|  |TAMS 0x000000070cc00000, 0x000000070cc00000| Untracked 
|  57|0x000000070cd00000, 0x000000070cd00000, 0x000000070ce00000|  0%| F|  |TAMS 0x000000070cd00000, 0x000000070cd00000| Untracked 
|  58|0x000000070ce00000, 0x000000070ce3cfd8, 0x000000070cf00000| 23%| S|CS|TAMS 0x000000070ce00000, 0x000000070ce00000| Complete 
|  59|0x000000070cf00000, 0x000000070cf00000, 0x000000070d000000|  0%| F|  |TAMS 0x000000070cf00000, 0x000000070cf00000| Untracked 
|  60|0x000000070d000000, 0x000000070d000000, 0x000000070d100000|  0%| F|  |TAMS 0x000000070d000000, 0x000000070d000000| Untracked 
|  61|0x000000070d100000, 0x000000070d100000, 0x000000070d200000|  0%| F|  |TAMS 0x000000070d100000, 0x000000070d100000| Untracked 
|  62|0x000000070d200000, 0x000000070d200000, 0x000000070d300000|  0%| F|  |TAMS 0x000000070d200000, 0x000000070d200000| Untracked 
|  63|0x000000070d300000, 0x000000070d300000, 0x000000070d400000|  0%| F|  |TAMS 0x000000070d300000, 0x000000070d300000| Untracked 
|  64|0x000000070d400000, 0x000000070d400000, 0x000000070d500000|  0%| F|  |TAMS 0x000000070d400000, 0x000000070d400000| Untracked 
|  65|0x000000070d500000, 0x000000070d500000, 0x000000070d600000|  0%| F|  |TAMS 0x000000070d500000, 0x000000070d500000| Untracked 
|  66|0x000000070d600000, 0x000000070d600000, 0x000000070d700000|  0%| F|  |TAMS 0x000000070d600000, 0x000000070d600000| Untracked 
|  67|0x000000070d700000, 0x000000070d700000, 0x000000070d800000|  0%| F|  |TAMS 0x000000070d700000, 0x000000070d700000| Untracked 
|  68|0x000000070d800000, 0x000000070d800000, 0x000000070d900000|  0%| F|  |TAMS 0x000000070d800000, 0x000000070d800000| Untracked 
|  69|0x000000070d900000, 0x000000070d900000, 0x000000070da00000|  0%| F|  |TAMS 0x000000070d900000, 0x000000070d900000| Untracked 
|  70|0x000000070da00000, 0x000000070da00000, 0x000000070db00000|  0%| F|  |TAMS 0x000000070da00000, 0x000000070da00000| Untracked 
|  71|0x000000070db00000, 0x000000070db00000, 0x000000070dc00000|  0%| F|  |TAMS 0x000000070db00000, 0x000000070db00000| Untracked 
|  72|0x000000070dc00000, 0x000000070dc00000, 0x000000070dd00000|  0%| F|  |TAMS 0x000000070dc00000, 0x000000070dc00000| Untracked 
|  73|0x000000070dd00000, 0x000000070dd00000, 0x000000070de00000|  0%| F|  |TAMS 0x000000070dd00000, 0x000000070dd00000| Untracked 
|  74|0x000000070de00000, 0x000000070de00000, 0x000000070df00000|  0%| F|  |TAMS 0x000000070de00000, 0x000000070de00000| Untracked 
|  75|0x000000070df00000, 0x000000070df00000, 0x000000070e000000|  0%| F|  |TAMS 0x000000070df00000, 0x000000070df00000| Untracked 
|  76|0x000000070e000000, 0x000000070e000000, 0x000000070e100000|  0%| F|  |TAMS 0x000000070e000000, 0x000000070e000000| Untracked 
|  77|0x000000070e100000, 0x000000070e100000, 0x000000070e200000|  0%| F|  |TAMS 0x000000070e100000, 0x000000070e100000| Untracked 
|  78|0x000000070e200000, 0x000000070e200000, 0x000000070e300000|  0%| F|  |TAMS 0x000000070e200000, 0x000000070e200000| Untracked 
|  79|0x000000070e300000, 0x000000070e300000, 0x000000070e400000|  0%| F|  |TAMS 0x000000070e300000, 0x000000070e300000| Untracked 
|  80|0x000000070e400000, 0x000000070e400000, 0x000000070e500000|  0%| F|  |TAMS 0x000000070e400000, 0x000000070e400000| Untracked 
|  81|0x000000070e500000, 0x000000070e500000, 0x000000070e600000|  0%| F|  |TAMS 0x000000070e500000, 0x000000070e500000| Untracked 
|  82|0x000000070e600000, 0x000000070e600000, 0x000000070e700000|  0%| F|  |TAMS 0x000000070e600000, 0x000000070e600000| Untracked 
|  83|0x000000070e700000, 0x000000070e700000, 0x000000070e800000|  0%| F|  |TAMS 0x000000070e700000, 0x000000070e700000| Untracked 
|  84|0x000000070e800000, 0x000000070e800000, 0x000000070e900000|  0%| F|  |TAMS 0x000000070e800000, 0x000000070e800000| Untracked 
|  85|0x000000070e900000, 0x000000070e900000, 0x000000070ea00000|  0%| F|  |TAMS 0x000000070e900000, 0x000000070e900000| Untracked 
|  86|0x000000070ea00000, 0x000000070ea00000, 0x000000070eb00000|  0%| F|  |TAMS 0x000000070ea00000, 0x000000070ea00000| Untracked 
|  87|0x000000070eb00000, 0x000000070eb00000, 0x000000070ec00000|  0%| F|  |TAMS 0x000000070eb00000, 0x000000070eb00000| Untracked 
|  88|0x000000070ec00000, 0x000000070ec00000, 0x000000070ed00000|  0%| F|  |TAMS 0x000000070ec00000, 0x000000070ec00000| Untracked 
|  89|0x000000070ed00000, 0x000000070ed00000, 0x000000070ee00000|  0%| F|  |TAMS 0x000000070ed00000, 0x000000070ed00000| Untracked 
|  90|0x000000070ee00000, 0x000000070ee00000, 0x000000070ef00000|  0%| F|  |TAMS 0x000000070ee00000, 0x000000070ee00000| Untracked 
|  91|0x000000070ef00000, 0x000000070ef00000, 0x000000070f000000|  0%| F|  |TAMS 0x000000070ef00000, 0x000000070ef00000| Untracked 
|  92|0x000000070f000000, 0x000000070f000000, 0x000000070f100000|  0%| F|  |TAMS 0x000000070f000000, 0x000000070f000000| Untracked 
|  93|0x000000070f100000, 0x000000070f100000, 0x000000070f200000|  0%| F|  |TAMS 0x000000070f100000, 0x000000070f100000| Untracked 
|  94|0x000000070f200000, 0x000000070f200000, 0x000000070f300000|  0%| F|  |TAMS 0x000000070f200000, 0x000000070f200000| Untracked 
|  95|0x000000070f300000, 0x000000070f300000, 0x000000070f400000|  0%| F|  |TAMS 0x000000070f300000, 0x000000070f300000| Untracked 
|  96|0x000000070f400000, 0x000000070f400000, 0x000000070f500000|  0%| F|  |TAMS 0x000000070f400000, 0x000000070f400000| Untracked 
|  97|0x000000070f500000, 0x000000070f500000, 0x000000070f600000|  0%| F|  |TAMS 0x000000070f500000, 0x000000070f500000| Untracked 
|  98|0x000000070f600000, 0x000000070f600000, 0x000000070f700000|  0%| F|  |TAMS 0x000000070f600000, 0x000000070f600000| Untracked 
|  99|0x000000070f700000, 0x000000070f700000, 0x000000070f800000|  0%| F|  |TAMS 0x000000070f700000, 0x000000070f700000| Untracked 
| 100|0x000000070f800000, 0x000000070f800000, 0x000000070f900000|  0%| F|  |TAMS 0x000000070f800000, 0x000000070f800000| Untracked 
| 101|0x000000070f900000, 0x000000070f900000, 0x000000070fa00000|  0%| F|  |TAMS 0x000000070f900000, 0x000000070f900000| Untracked 
| 102|0x000000070fa00000, 0x000000070fa00000, 0x000000070fb00000|  0%| F|  |TAMS 0x000000070fa00000, 0x000000070fa00000| Untracked 
| 103|0x000000070fb00000, 0x000000070fb00000, 0x000000070fc00000|  0%| F|  |TAMS 0x000000070fb00000, 0x000000070fb00000| Untracked 
| 104|0x000000070fc00000, 0x000000070fc00000, 0x000000070fd00000|  0%| F|  |TAMS 0x000000070fc00000, 0x000000070fc00000| Untracked 
| 105|0x000000070fd00000, 0x000000070fd00000, 0x000000070fe00000|  0%| F|  |TAMS 0x000000070fd00000, 0x000000070fd00000| Untracked 
| 106|0x000000070fe00000, 0x000000070fe00000, 0x000000070ff00000|  0%| F|  |TAMS 0x000000070fe00000, 0x000000070fe00000| Untracked 
| 107|0x000000070ff00000, 0x000000070ff00000, 0x0000000710000000|  0%| F|  |TAMS 0x000000070ff00000, 0x000000070ff00000| Untracked 
| 108|0x0000000710000000, 0x0000000710000000, 0x0000000710100000|  0%| F|  |TAMS 0x0000000710000000, 0x0000000710000000| Untracked 
| 109|0x0000000710100000, 0x0000000710100000, 0x0000000710200000|  0%| F|  |TAMS 0x0000000710100000, 0x0000000710100000| Untracked 
| 110|0x0000000710200000, 0x0000000710200000, 0x0000000710300000|  0%| F|  |TAMS 0x0000000710200000, 0x0000000710200000| Untracked 
| 111|0x0000000710300000, 0x0000000710300000, 0x0000000710400000|  0%| F|  |TAMS 0x0000000710300000, 0x0000000710300000| Untracked 
| 112|0x0000000710400000, 0x0000000710400000, 0x0000000710500000|  0%| F|  |TAMS 0x0000000710400000, 0x0000000710400000| Untracked 
| 113|0x0000000710500000, 0x0000000710500000, 0x0000000710600000|  0%| F|  |TAMS 0x0000000710500000, 0x0000000710500000| Untracked 
| 114|0x0000000710600000, 0x0000000710600000, 0x0000000710700000|  0%| F|  |TAMS 0x0000000710600000, 0x0000000710600000| Untracked 
| 115|0x0000000710700000, 0x0000000710700000, 0x0000000710800000|  0%| F|  |TAMS 0x0000000710700000, 0x0000000710700000| Untracked 
| 116|0x0000000710800000, 0x0000000710800000, 0x0000000710900000|  0%| F|  |TAMS 0x0000000710800000, 0x0000000710800000| Untracked 
| 117|0x0000000710900000, 0x0000000710900000, 0x0000000710a00000|  0%| F|  |TAMS 0x0000000710900000, 0x0000000710900000| Untracked 
| 118|0x0000000710a00000, 0x0000000710a00000, 0x0000000710b00000|  0%| F|  |TAMS 0x0000000710a00000, 0x0000000710a00000| Untracked 
| 119|0x0000000710b00000, 0x0000000710b00000, 0x0000000710c00000|  0%| F|  |TAMS 0x0000000710b00000, 0x0000000710b00000| Untracked 
| 120|0x0000000710c00000, 0x0000000710c00000, 0x0000000710d00000|  0%| F|  |TAMS 0x0000000710c00000, 0x0000000710c00000| Untracked 
| 121|0x0000000710d00000, 0x0000000710d00000, 0x0000000710e00000|  0%| F|  |TAMS 0x0000000710d00000, 0x0000000710d00000| Untracked 
| 122|0x0000000710e00000, 0x0000000710e00000, 0x0000000710f00000|  0%| F|  |TAMS 0x0000000710e00000, 0x0000000710e00000| Untracked 
| 123|0x0000000710f00000, 0x0000000710f00000, 0x0000000711000000|  0%| F|  |TAMS 0x0000000710f00000, 0x0000000710f00000| Untracked 
| 124|0x0000000711000000, 0x0000000711000000, 0x0000000711100000|  0%| F|  |TAMS 0x0000000711000000, 0x0000000711000000| Untracked 
| 125|0x0000000711100000, 0x0000000711100000, 0x0000000711200000|  0%| F|  |TAMS 0x0000000711100000, 0x0000000711100000| Untracked 
| 126|0x0000000711200000, 0x0000000711200800, 0x0000000711300000|  0%| E|  |TAMS 0x0000000711200000, 0x0000000711200000| Complete 
| 127|0x0000000711300000, 0x0000000711400000, 0x0000000711400000|100%| E|CS|TAMS 0x0000000711300000, 0x0000000711300000| Complete 
| 128|0x0000000711400000, 0x0000000711500000, 0x0000000711500000|100%| E|CS|TAMS 0x0000000711400000, 0x0000000711400000| Complete 
| 129|0x0000000711500000, 0x0000000711600000, 0x0000000711600000|100%| E|CS|TAMS 0x0000000711500000, 0x0000000711500000| Complete 
| 130|0x0000000711600000, 0x0000000711700000, 0x0000000711700000|100%| E|CS|TAMS 0x0000000711600000, 0x0000000711600000| Complete 
| 131|0x0000000711700000, 0x0000000711800000, 0x0000000711800000|100%| E|CS|TAMS 0x0000000711700000, 0x0000000711700000| Complete 
| 132|0x0000000711800000, 0x0000000711900000, 0x0000000711900000|100%| E|CS|TAMS 0x0000000711800000, 0x0000000711800000| Complete 
| 133|0x0000000711900000, 0x0000000711a00000, 0x0000000711a00000|100%| E|CS|TAMS 0x0000000711900000, 0x0000000711900000| Complete 
| 134|0x0000000711a00000, 0x0000000711b00000, 0x0000000711b00000|100%| E|CS|TAMS 0x0000000711a00000, 0x0000000711a00000| Complete 
| 135|0x0000000711b00000, 0x0000000711c00000, 0x0000000711c00000|100%| E|CS|TAMS 0x0000000711b00000, 0x0000000711b00000| Complete 
| 136|0x0000000711c00000, 0x0000000711d00000, 0x0000000711d00000|100%| E|CS|TAMS 0x0000000711c00000, 0x0000000711c00000| Complete 
| 137|0x0000000711d00000, 0x0000000711e00000, 0x0000000711e00000|100%| E|CS|TAMS 0x0000000711d00000, 0x0000000711d00000| Complete 
| 210|0x0000000716600000, 0x0000000716700000, 0x0000000716700000|100%| E|CS|TAMS 0x0000000716600000, 0x0000000716600000| Complete 
| 211|0x0000000716700000, 0x0000000716800000, 0x0000000716800000|100%| E|CS|TAMS 0x0000000716700000, 0x0000000716700000| Complete 
| 212|0x0000000716800000, 0x0000000716900000, 0x0000000716900000|100%| E|CS|TAMS 0x0000000716800000, 0x0000000716800000| Complete 
| 213|0x0000000716900000, 0x0000000716a00000, 0x0000000716a00000|100%| E|CS|TAMS 0x0000000716900000, 0x0000000716900000| Complete 
| 214|0x0000000716a00000, 0x0000000716b00000, 0x0000000716b00000|100%| E|CS|TAMS 0x0000000716a00000, 0x0000000716a00000| Complete 
| 247|0x0000000718b00000, 0x0000000718c00000, 0x0000000718c00000|100%| E|CS|TAMS 0x0000000718b00000, 0x0000000718b00000| Complete 

Card table byte_map: [0x00000221816a0000,0x0000022181e60000] _byte_map_base: 0x000002217de56000

Marking Bits (Prev, Next): (CMBitMap*) 0x00000221e6f7f2e8, (CMBitMap*) 0x00000221e6f7f2a8
 Prev Bits: [0x00000221863d0000, 0x000002218a180000)
 Next Bits: [0x0000022182620000, 0x00000221863d0000)

Polling page: 0x00000221e6cd0000

Metaspace:

Usage:
  Non-class:     20.88 MB capacity,    20.58 MB ( 99%) used,   262.35 KB (  1%) free+waste,    48.44 KB ( <1%) overhead. 
      Class:      2.62 MB capacity,     2.46 MB ( 94%) used,   143.60 KB (  5%) free+waste,    22.94 KB ( <1%) overhead. 
       Both:     23.50 MB capacity,    23.04 MB ( 98%) used,   405.95 KB (  2%) free+waste,    71.38 KB ( <1%) overhead. 

Virtual space:
  Non-class space:       22.00 MB reserved,      21.00 MB ( 95%) committed 
      Class space:        1.00 GB reserved,       2.63 MB ( <1%) committed 
             Both:        1.02 GB reserved,      23.63 MB (  2%) committed 

Chunk freelists:
   Non-Class:  58.00 KB
       Class:  4.00 KB
        Both:  62.00 KB

MaxMetaspaceSize: 17179869184.00 GB
CompressedClassSpaceSize: 1.00 GB

CodeHeap 'non-profiled nmethods': size=119168Kb used=1412Kb max_used=1412Kb free=117755Kb
 bounds [0x00000221f8a10000, 0x00000221f8c80000, 0x00000221ffe70000]
CodeHeap 'profiled nmethods': size=119104Kb used=6291Kb max_used=6291Kb free=112812Kb
 bounds [0x00000221f15c0000, 0x00000221f1bf0000, 0x00000221f8a10000]
CodeHeap 'non-nmethods': size=7488Kb used=3128Kb max_used=3156Kb free=4359Kb
 bounds [0x00000221f0e70000, 0x00000221f1190000, 0x00000221f15c0000]
 total_blobs=4510 nmethods=2713 adapters=682
 compilation: enabled
              stopped_count=0, restarted_count=0
 full_count=0

Compilation events (20 events):
Event: 3.639 Thread 0x000002218dd08800 nmethod 2702 0x00000221f1bc3d90 code [0x00000221f1bc4160, 0x00000221f1bc5d48]
Event: 3.639 Thread 0x000002218dd08800 2706       3       sun.net.www.protocol.jar.JarURLConnection::getJarEntry (9 bytes)
Event: 3.639 Thread 0x000002218dd08800 nmethod 2706 0x00000221f1bc6810 code [0x00000221f1bc69c0, 0x00000221f1bc6b28]
Event: 3.639 Thread 0x000002218dd08800 2707   !   3       org.bytedeco.javacpp.Loader::createLibraryLink (904 bytes)
Event: 3.639 Thread 0x000002218db98000 nmethod 2704 0x00000221f1bc6c10 code [0x00000221f1bc6dc0, 0x00000221f1bc6f28]
Event: 3.639 Thread 0x000002218dd03000 nmethod 2703 0x00000221f1bc7010 code [0x00000221f1bc7320, 0x00000221f1bc82d8]
Event: 3.640 Thread 0x000002218ea81800 nmethod 2705 0x00000221f1bc8910 code [0x00000221f1bc8c20, 0x00000221f1bc9d48]
Event: 3.640 Thread 0x000002218db94800 2708       4       java.util.zip.ZipFile::getZipEntry (309 bytes)
Event: 3.643 Thread 0x000002218dd03000 2709       3       java.io.FilePermission::getMask (953 bytes)
Event: 3.643 Thread 0x000002218ea81800 2710   !   3       java.io.FilePermission::init (558 bytes)
Event: 3.644 Thread 0x000002218ea81800 nmethod 2710 0x00000221f1bca390 code [0x00000221f1bca760, 0x00000221f1bcc438]
Event: 3.645 Thread 0x000002218dd03000 nmethod 2709 0x00000221f1bccd90 code [0x00000221f1bcd220, 0x00000221f1bd00d8]
Event: 3.647 Thread 0x000002218dd08800 nmethod 2707 0x00000221f1bd0b90 code [0x00000221f1bd1f20, 0x00000221f1bdf738]
Event: 3.648 Thread 0x000002218db94800 nmethod 2708 0x00000221f8b6d890 code [0x00000221f8b6db40, 0x00000221f8b6eac8]
Event: 3.648 Thread 0x000002218db94800 2711       4       java.lang.String$CaseInsensitiveComparator::compare (68 bytes)
Event: 3.652 Thread 0x000002218db94800 nmethod 2711 0x00000221f8b6f210 code [0x00000221f8b6f480, 0x00000221f8b6fc78]
Event: 3.694 Thread 0x000002218db94800 2712       4       sun.nio.fs.NativeBuffers::getNativeBufferFromCache (51 bytes)
Event: 3.696 Thread 0x000002218db94800 nmethod 2712 0x00000221f8b70090 code [0x00000221f8b702a0, 0x00000221f8b70698]
Event: 3.696 Thread 0x000002218db94800 2713       4       sun.nio.fs.NativeBuffers::releaseNativeBuffer (97 bytes)
Event: 3.699 Thread 0x000002218db94800 nmethod 2713 0x00000221f8b70990 code [0x00000221f8b70ba0, 0x00000221f8b70f78]

GC Heap History (20 events):
Event: 2.789 GC heap before
{Heap before GC invocations=10 (full 0):
 garbage-first heap   total 40960K, used 32199K [0x0000000709400000, 0x0000000800000000)
  region size 1024K, 23 young (23552K), 1 survivors (1024K)
 Metaspace       used 21213K, capacity 21674K, committed 21760K, reserved 1069056K
  class space    used 2383K, capacity 2548K, committed 2560K, reserved 1048576K
}
Event: 2.790 GC heap after
{Heap after GC invocations=11 (full 0):
 garbage-first heap   total 40960K, used 9666K [0x0000000709400000, 0x0000000800000000)
  region size 1024K, 1 young (1024K), 1 survivors (1024K)
 Metaspace       used 21213K, capacity 21674K, committed 21760K, reserved 1069056K
  class space    used 2383K, capacity 2548K, committed 2560K, reserved 1048576K
}
Event: 2.821 GC heap before
{Heap before GC invocations=11 (full 0):
 garbage-first heap   total 40960K, used 33218K [0x0000000709400000, 0x0000000800000000)
  region size 1024K, 24 young (24576K), 1 survivors (1024K)
 Metaspace       used 21213K, capacity 21674K, committed 21760K, reserved 1069056K
  class space    used 2383K, capacity 2548K, committed 2560K, reserved 1048576K
}
Event: 2.822 GC heap after
{Heap after GC invocations=12 (full 0):
 garbage-first heap   total 40960K, used 9671K [0x0000000709400000, 0x0000000800000000)
  region size 1024K, 1 young (1024K), 1 survivors (1024K)
 Metaspace       used 21213K, capacity 21674K, committed 21760K, reserved 1069056K
  class space    used 2383K, capacity 2548K, committed 2560K, reserved 1048576K
}
Event: 2.849 GC heap before
{Heap before GC invocations=12 (full 0):
 garbage-first heap   total 40960K, used 33223K [0x0000000709400000, 0x0000000800000000)
  region size 1024K, 24 young (24576K), 1 survivors (1024K)
 Metaspace       used 21216K, capacity 21674K, committed 21760K, reserved 1069056K
  class space    used 2383K, capacity 2548K, committed 2560K, reserved 1048576K
}
Event: 2.849 GC heap after
{Heap after GC invocations=13 (full 0):
 garbage-first heap   total 40960K, used 9669K [0x0000000709400000, 0x0000000800000000)
  region size 1024K, 1 young (1024K), 1 survivors (1024K)
 Metaspace       used 21216K, capacity 21674K, committed 21760K, reserved 1069056K
  class space    used 2383K, capacity 2548K, committed 2560K, reserved 1048576K
}
Event: 2.876 GC heap before
{Heap before GC invocations=13 (full 0):
 garbage-first heap   total 40960K, used 33221K [0x0000000709400000, 0x0000000800000000)
  region size 1024K, 24 young (24576K), 1 survivors (1024K)
 Metaspace       used 21216K, capacity 21674K, committed 21760K, reserved 1069056K
  class space    used 2383K, capacity 2548K, committed 2560K, reserved 1048576K
}
Event: 2.877 GC heap after
{Heap after GC invocations=14 (full 0):
 garbage-first heap   total 40960K, used 9676K [0x0000000709400000, 0x0000000800000000)
  region size 1024K, 1 young (1024K), 1 survivors (1024K)
 Metaspace       used 21216K, capacity 21674K, committed 21760K, reserved 1069056K
  class space    used 2383K, capacity 2548K, committed 2560K, reserved 1048576K
}
Event: 2.905 GC heap before
{Heap before GC invocations=14 (full 0):
 garbage-first heap   total 40960K, used 33228K [0x0000000709400000, 0x0000000800000000)
  region size 1024K, 24 young (24576K), 1 survivors (1024K)
 Metaspace       used 21216K, capacity 21674K, committed 21760K, reserved 1069056K
  class space    used 2383K, capacity 2548K, committed 2560K, reserved 1048576K
}
Event: 2.905 GC heap after
{Heap after GC invocations=15 (full 0):
 garbage-first heap   total 40960K, used 9680K [0x0000000709400000, 0x0000000800000000)
  region size 1024K, 1 young (1024K), 1 survivors (1024K)
 Metaspace       used 21216K, capacity 21674K, committed 21760K, reserved 1069056K
  class space    used 2383K, capacity 2548K, committed 2560K, reserved 1048576K
}
Event: 2.928 GC heap before
{Heap before GC invocations=15 (full 0):
 garbage-first heap   total 40960K, used 33232K [0x0000000709400000, 0x0000000800000000)
  region size 1024K, 24 young (24576K), 1 survivors (1024K)
 Metaspace       used 21216K, capacity 21674K, committed 21760K, reserved 1069056K
  class space    used 2383K, capacity 2548K, committed 2560K, reserved 1048576K
}
Event: 2.929 GC heap after
{Heap after GC invocations=16 (full 0):
 garbage-first heap   total 40960K, used 9684K [0x0000000709400000, 0x0000000800000000)
  region size 1024K, 1 young (1024K), 1 survivors (1024K)
 Metaspace       used 21216K, capacity 21674K, committed 21760K, reserved 1069056K
  class space    used 2383K, capacity 2548K, committed 2560K, reserved 1048576K
}
Event: 2.956 GC heap before
{Heap before GC invocations=16 (full 0):
 garbage-first heap   total 40960K, used 33236K [0x0000000709400000, 0x0000000800000000)
  region size 1024K, 24 young (24576K), 1 survivors (1024K)
 Metaspace       used 21216K, capacity 21674K, committed 21760K, reserved 1069056K
  class space    used 2383K, capacity 2548K, committed 2560K, reserved 1048576K
}
Event: 2.957 GC heap after
{Heap after GC invocations=17 (full 0):
 garbage-first heap   total 40960K, used 9684K [0x0000000709400000, 0x0000000800000000)
  region size 1024K, 1 young (1024K), 1 survivors (1024K)
 Metaspace       used 21216K, capacity 21674K, committed 21760K, reserved 1069056K
  class space    used 2383K, capacity 2548K, committed 2560K, reserved 1048576K
}
Event: 2.984 GC heap before
{Heap before GC invocations=17 (full 0):
 garbage-first heap   total 40960K, used 33236K [0x0000000709400000, 0x0000000800000000)
  region size 1024K, 24 young (24576K), 1 survivors (1024K)
 Metaspace       used 21218K, capacity 21674K, committed 21760K, reserved 1069056K
  class space    used 2383K, capacity 2548K, committed 2560K, reserved 1048576K
}
Event: 2.985 GC heap after
{Heap after GC invocations=18 (full 0):
 garbage-first heap   total 40960K, used 9685K [0x0000000709400000, 0x0000000800000000)
  region size 1024K, 1 young (1024K), 1 survivors (1024K)
 Metaspace       used 21218K, capacity 21674K, committed 21760K, reserved 1069056K
  class space    used 2383K, capacity 2548K, committed 2560K, reserved 1048576K
}
Event: 3.013 GC heap before
{Heap before GC invocations=18 (full 0):
 garbage-first heap   total 40960K, used 33237K [0x0000000709400000, 0x0000000800000000)
  region size 1024K, 24 young (24576K), 1 survivors (1024K)
 Metaspace       used 21218K, capacity 21674K, committed 21760K, reserved 1069056K
  class space    used 2383K, capacity 2548K, committed 2560K, reserved 1048576K
}
Event: 3.014 GC heap after
{Heap after GC invocations=19 (full 0):
 garbage-first heap   total 147456K, used 9688K [0x0000000709400000, 0x0000000800000000)
  region size 1024K, 1 young (1024K), 1 survivors (1024K)
 Metaspace       used 21218K, capacity 21674K, committed 21760K, reserved 1069056K
  class space    used 2383K, capacity 2548K, committed 2560K, reserved 1048576K
}
Event: 3.333 GC heap before
{Heap before GC invocations=19 (full 0):
 garbage-first heap   total 147456K, used 96728K [0x0000000709400000, 0x0000000800000000)
  region size 1024K, 86 young (88064K), 1 survivors (1024K)
 Metaspace       used 23277K, capacity 23696K, committed 23936K, reserved 1071104K
  class space    used 2470K, capacity 2645K, committed 2688K, reserved 1048576K
}
Event: 3.334 GC heap after
{Heap after GC invocations=20 (full 0):
 garbage-first heap   total 147456K, used 9874K [0x0000000709400000, 0x0000000800000000)
  region size 1024K, 1 young (1024K), 1 survivors (1024K)
 Metaspace       used 23277K, capacity 23696K, committed 23936K, reserved 1071104K
  class space    used 2470K, capacity 2645K, committed 2688K, reserved 1048576K
}

Deoptimization events (20 events):
Event: 3.328 Thread 0x000002218f354000 DEOPT PACKING pc=0x00000221f1b3d7b1 sp=0x000000e41c7fd1e0
Event: 3.328 Thread 0x000002218f354000 DEOPT UNPACKING pc=0x00000221f0eb964e sp=0x000000e41c7fc6a8 mode 0
Event: 3.329 Thread 0x000002218f354000 DEOPT PACKING pc=0x00000221f1617fdb sp=0x000000e41c7fcf30
Event: 3.329 Thread 0x000002218f354000 DEOPT UNPACKING pc=0x00000221f0eb964e sp=0x000000e41c7fc470 mode 0
Event: 3.330 Thread 0x000002218f354000 DEOPT PACKING pc=0x00000221f1b3d7b1 sp=0x000000e41c7fd1e0
Event: 3.330 Thread 0x000002218f354000 DEOPT UNPACKING pc=0x00000221f0eb964e sp=0x000000e41c7fc6a8 mode 0
Event: 3.332 Thread 0x000002218f354000 DEOPT PACKING pc=0x00000221f1b3d7b1 sp=0x000000e41c7fd1e0
Event: 3.332 Thread 0x000002218f354000 DEOPT UNPACKING pc=0x00000221f0eb964e sp=0x000000e41c7fc6a8 mode 0
Event: 3.334 Thread 0x000002218f354000 DEOPT PACKING pc=0x00000221f1b3d7b1 sp=0x000000e41c7fd1e0
Event: 3.334 Thread 0x000002218f354000 DEOPT UNPACKING pc=0x00000221f0eb964e sp=0x000000e41c7fc6a8 mode 0
Event: 3.336 Thread 0x000002218f354000 DEOPT PACKING pc=0x00000221f1b3d7b1 sp=0x000000e41c7fd1e0
Event: 3.336 Thread 0x000002218f354000 DEOPT UNPACKING pc=0x00000221f0eb964e sp=0x000000e41c7fc6a8 mode 0
Event: 3.337 Thread 0x000002218f354000 DEOPT PACKING pc=0x00000221f1b3d7b1 sp=0x000000e41c7fd1e0
Event: 3.337 Thread 0x000002218f354000 DEOPT UNPACKING pc=0x00000221f0eb964e sp=0x000000e41c7fc6a8 mode 0
Event: 3.339 Thread 0x000002218f354000 DEOPT PACKING pc=0x00000221f1b3d7b1 sp=0x000000e41c7fd1e0
Event: 3.339 Thread 0x000002218f354000 DEOPT UNPACKING pc=0x00000221f0eb964e sp=0x000000e41c7fc6a8 mode 0
Event: 3.339 Thread 0x000002218f354000 DEOPT PACKING pc=0x00000221f1b3d7b1 sp=0x000000e41c7fd1e0
Event: 3.339 Thread 0x000002218f354000 DEOPT UNPACKING pc=0x00000221f0eb964e sp=0x000000e41c7fc6a8 mode 0
Event: 3.340 Thread 0x000002218f354000 DEOPT PACKING pc=0x00000221f1b3d7b1 sp=0x000000e41c7fd1e0
Event: 3.340 Thread 0x000002218f354000 DEOPT UNPACKING pc=0x00000221f0eb964e sp=0x000000e41c7fc6a8 mode 0

Classes unloaded (0 events):
No events

Classes redefined (0 events):
No events

Internal exceptions (20 events):
Event: 3.741 Thread 0x000002218f354000 Exception <a 'sun/nio/fs/WindowsException'{0x00000007113abfe0}> (0x00000007113abfe0) 
thrown [./open/src/hotspot/share/prims/jni.cpp, line 599]
Event: 3.741 Thread 0x000002218f354000 Exception <a 'sun/nio/fs/WindowsException'{0x00000007113ac010}> (0x00000007113ac010) 
thrown [./open/src/hotspot/share/prims/jni.cpp, line 599]
Event: 3.741 Thread 0x000002218f354000 Exception <a 'sun/nio/fs/WindowsException'{0x00000007113ad398}> (0x00000007113ad398) 
thrown [./open/src/hotspot/share/prims/jni.cpp, line 599]
Event: 3.741 Thread 0x000002218f354000 Exception <a 'sun/nio/fs/WindowsException'{0x00000007113ad3c8}> (0x00000007113ad3c8) 
thrown [./open/src/hotspot/share/prims/jni.cpp, line 599]
Event: 3.741 Thread 0x000002218f354000 Exception <a 'sun/nio/fs/WindowsException'{0x00000007113ae7b0}> (0x00000007113ae7b0) 
thrown [./open/src/hotspot/share/prims/jni.cpp, line 599]
Event: 3.741 Thread 0x000002218f354000 Exception <a 'sun/nio/fs/WindowsException'{0x00000007113ae7e0}> (0x00000007113ae7e0) 
thrown [./open/src/hotspot/share/prims/jni.cpp, line 599]
Event: 3.742 Thread 0x000002218f354000 Exception <a 'sun/nio/fs/WindowsException'{0x00000007113afa48}> (0x00000007113afa48) 
thrown [./open/src/hotspot/share/prims/jni.cpp, line 599]
Event: 3.742 Thread 0x000002218f354000 Exception <a 'sun/nio/fs/WindowsException'{0x00000007113afa78}> (0x00000007113afa78) 
thrown [./open/src/hotspot/share/prims/jni.cpp, line 599]
Event: 3.742 Thread 0x000002218f354000 Exception <a 'sun/nio/fs/WindowsException'{0x00000007113b0d10}> (0x00000007113b0d10) 
thrown [./open/src/hotspot/share/prims/jni.cpp, line 599]
Event: 3.742 Thread 0x000002218f354000 Exception <a 'sun/nio/fs/WindowsException'{0x00000007113b0d40}> (0x00000007113b0d40) 
thrown [./open/src/hotspot/share/prims/jni.cpp, line 599]
Event: 3.742 Thread 0x000002218f354000 Exception <a 'sun/nio/fs/WindowsException'{0x00000007113b1ff0}> (0x00000007113b1ff0) 
thrown [./open/src/hotspot/share/prims/jni.cpp, line 599]
Event: 3.742 Thread 0x000002218f354000 Exception <a 'sun/nio/fs/WindowsException'{0x00000007113b2020}> (0x00000007113b2020) 
thrown [./open/src/hotspot/share/prims/jni.cpp, line 599]
Event: 3.743 Thread 0x000002218f354000 Exception <a 'sun/nio/fs/WindowsException'{0x00000007113b3288}> (0x00000007113b3288) 
thrown [./open/src/hotspot/share/prims/jni.cpp, line 599]
Event: 3.743 Thread 0x000002218f354000 Exception <a 'sun/nio/fs/WindowsException'{0x00000007113b32b8}> (0x00000007113b32b8) 
thrown [./open/src/hotspot/share/prims/jni.cpp, line 599]
Event: 3.743 Thread 0x000002218f354000 Exception <a 'sun/nio/fs/WindowsException'{0x00000007113b4520}> (0x00000007113b4520) 
thrown [./open/src/hotspot/share/prims/jni.cpp, line 599]
Event: 3.743 Thread 0x000002218f354000 Exception <a 'sun/nio/fs/WindowsException'{0x00000007113b4550}> (0x00000007113b4550) 
thrown [./open/src/hotspot/share/prims/jni.cpp, line 599]
Event: 3.743 Thread 0x000002218f354000 Exception <a 'sun/nio/fs/WindowsException'{0x00000007113b57b8}> (0x00000007113b57b8) 
thrown [./open/src/hotspot/share/prims/jni.cpp, line 599]
Event: 3.743 Thread 0x000002218f354000 Exception <a 'sun/nio/fs/WindowsException'{0x00000007113b57e8}> (0x00000007113b57e8) 
thrown [./open/src/hotspot/share/prims/jni.cpp, line 599]
Event: 3.744 Thread 0x000002218f354000 Exception <a 'sun/nio/fs/WindowsException'{0x00000007113b6a50}> (0x00000007113b6a50) 
thrown [./open/src/hotspot/share/prims/jni.cpp, line 599]
Event: 3.744 Thread 0x000002218f354000 Exception <a 'sun/nio/fs/WindowsException'{0x00000007113b6a80}> (0x00000007113b6a80) 
thrown [./open/src/hotspot/share/prims/jni.cpp, line 599]

Events (20 events):
Event: 3.126 Executing VM operation: HandshakeOneThread done
Event: 3.148 Loaded shared library C:\Users\Aeon\.javacpp\cache\leptonica-1.80.0-1.5.4-windows-x86_64.jar\org\bytedeco\leptonica\windows-x86_64\libwinpthread-1.dll
Event: 3.154 loading class java/lang/ClassLoaderHelper
Event: 3.154 loading class java/lang/ClassLoaderHelper done
Event: 3.166 Loaded shared library C:\Program Files\Java\jdk-14.0.1\bin\nio.dll
Event: 3.180 Loaded shared library C:\Users\Aeon\.javacpp\cache\leptonica-1.80.0-1.5.4-windows-x86_64.jar\org\bytedeco\leptonica\windows-x86_64\libgcc_s_seh-1.dll
Event: 3.202 Loaded shared library C:\Program Files\Java\jdk-14.0.1\bin\nio.dll
Event: 3.206 Loaded shared library C:\Users\Aeon\.javacpp\cache\leptonica-1.80.0-1.5.4-windows-x86_64.jar\org\bytedeco\leptonica\windows-x86_64\libgomp-1.dll
Event: 3.232 Loaded shared library C:\Users\Aeon\.javacpp\cache\leptonica-1.80.0-1.5.4-windows-x86_64.jar\org\bytedeco\leptonica\windows-x86_64\libstdc++-6.dll
Event: 3.260 Loaded shared library C:\Users\Aeon\.javacpp\cache\leptonica-1.80.0-1.5.4-windows-x86_64.jar\org\bytedeco\leptonica\windows-x86_64\liblept-5.dll
Event: 3.305 Loaded shared library C:\Users\Aeon\.javacpp\cache\leptonica-1.80.0-1.5.4-windows-x86_64.jar\org\bytedeco\leptonica\windows-x86_64\jnilept.dll
Event: 3.333 Executing VM operation: G1CollectForAllocation
Event: 3.334 Executing VM operation: G1CollectForAllocation done
Event: 3.427 Executing VM operation: HandshakeOneThread
Event: 3.427 Executing VM operation: HandshakeOneThread done
Event: 3.446 Loaded shared library C:\Users\Aeon\.javacpp\cache\tesseract-4.1.1-1.5.4-windows-x86_64.jar\org\bytedeco\tesseract\windows-x86_64\libtesseract-4.dll
Event: 3.446 Thread 0x000002218eedd800 Thread exited: 0x000002218eedd800
Event: 3.476 Loaded shared library C:\Users\Aeon\.javacpp\cache\tesseract-4.1.1-1.5.4-windows-x86_64.jar\org\bytedeco\tesseract\windows-x86_64\jnitesseract.dll
Event: 3.619 Executing VM operation: HandshakeOneThread
Event: 3.619 Executing VM operation: HandshakeOneThread done


Dynamic libraries:
0x00007ff72da80000 - 0x00007ff72da8f000 	C:\Program Files\Java\jdk-14.0.1\bin\java.exe
0x00007ff9898d0000 - 0x00007ff989ac6000 	C:\WINDOWS\SYSTEM32\ntdll.dll
0x00007ff989660000 - 0x00007ff98971d000 	C:\WINDOWS\System32\KERNEL32.DLL
0x00007ff987010000 - 0x00007ff9872d8000 	C:\WINDOWS\System32\KERNELBASE.dll
0x00007ff987390000 - 0x00007ff987490000 	C:\WINDOWS\System32\ucrtbase.dll
0x00007ff96d490000 - 0x00007ff96d4a8000 	C:\Program Files\Java\jdk-14.0.1\bin\jli.dll
0x00007ff96e980000 - 0x00007ff96e995000 	C:\Program Files\Java\jdk-14.0.1\bin\VCRUNTIME140.dll
0x00007ff988810000 - 0x00007ff9888bc000 	C:\WINDOWS\System32\ADVAPI32.dll
0x00007ff9879f0000 - 0x00007ff987a8e000 	C:\WINDOWS\System32\msvcrt.dll
0x00007ff987f10000 - 0x00007ff987fab000 	C:\WINDOWS\System32\sechost.dll
0x00007ff988970000 - 0x00007ff988a94000 	C:\WINDOWS\System32\RPCRT4.dll
0x00007ff988b90000 - 0x00007ff988d30000 	C:\WINDOWS\System32\USER32.dll
0x00007ff9757e0000 - 0x00007ff975a7b000 	C:\WINDOWS\WinSxS\amd64_microsoft.windows.common-controls_6595b64144ccf1df_6.0.19041.488_none_ca04af081b815d21\COMCTL32.dll
0x00007ff987900000 - 0x00007ff987922000 	C:\WINDOWS\System32\win32u.dll
0x00007ff989860000 - 0x00007ff98988a000 	C:\WINDOWS\System32\GDI32.dll
0x00007ff987720000 - 0x00007ff987829000 	C:\WINDOWS\System32\gdi32full.dll
0x00007ff9874f0000 - 0x00007ff98758d000 	C:\WINDOWS\System32\msvcp_win.dll
0x00007ff97f150000 - 0x00007ff97f15a000 	C:\WINDOWS\SYSTEM32\VERSION.dll
0x00007ff989720000 - 0x00007ff989750000 	C:\WINDOWS\System32\IMM32.DLL
0x00007ff9677a0000 - 0x00007ff96783b000 	C:\Program Files\Java\jdk-14.0.1\bin\msvcp140.dll
0x00007ff91cda0000 - 0x00007ff91d8be000 	C:\Program Files\Java\jdk-14.0.1\bin\server\jvm.dll
0x00007ff988aa0000 - 0x00007ff988aa8000 	C:\WINDOWS\System32\PSAPI.DLL
0x00007ff96e0a0000 - 0x00007ff96e0a9000 	C:\WINDOWS\SYSTEM32\WSOCK32.dll
0x00007ff984d50000 - 0x00007ff984d77000 	C:\WINDOWS\SYSTEM32\WINMM.dll
0x00007ff989090000 - 0x00007ff9890fb000 	C:\WINDOWS\System32\WS2_32.dll
0x00007ff985140000 - 0x00007ff985152000 	C:\WINDOWS\SYSTEM32\kernel.appcore.dll
0x00007ff973b60000 - 0x00007ff973b6a000 	C:\Program Files\Java\jdk-14.0.1\bin\jimage.dll
0x00007ff984b60000 - 0x00007ff984d44000 	C:\WINDOWS\SYSTEM32\DBGHELP.DLL
0x00007ff984b30000 - 0x00007ff984b5c000 	C:\WINDOWS\SYSTEM32\dbgcore.DLL
0x00007ff987880000 - 0x00007ff9878ff000 	C:\WINDOWS\System32\bcryptPrimitives.dll
0x00007ff97c0b0000 - 0x00007ff97c0be000 	C:\Program Files\Java\jdk-14.0.1\bin\instrument.dll
0x00007ff96d410000 - 0x00007ff96d435000 	C:\Program Files\Java\jdk-14.0.1\bin\java.dll
0x00007ff96d470000 - 0x00007ff96d486000 	C:\Program Files\Java\jdk-14.0.1\bin\zip.dll
0x00007ff988060000 - 0x00007ff9887a1000 	C:\WINDOWS\System32\SHELL32.dll
0x00007ff985160000 - 0x00007ff9858f5000 	C:\WINDOWS\SYSTEM32\windows.storage.dll
0x00007ff988d30000 - 0x00007ff989085000 	C:\WINDOWS\System32\combase.dll
0x00007ff986a80000 - 0x00007ff986aac000 	C:\WINDOWS\SYSTEM32\Wldp.dll
0x00007ff987fb0000 - 0x00007ff98805e000 	C:\WINDOWS\System32\SHCORE.dll
0x00007ff987930000 - 0x00007ff987985000 	C:\WINDOWS\System32\shlwapi.dll
0x00007ff986f40000 - 0x00007ff986f66000 	C:\WINDOWS\SYSTEM32\profapi.dll
0x00007ff96d3f0000 - 0x00007ff96d409000 	C:\Program Files\Java\jdk-14.0.1\bin\net.dll
0x00007ff9801f0000 - 0x00007ff9802f0000 	C:\WINDOWS\SYSTEM32\WINHTTP.dll
0x00007ff986800000 - 0x00007ff98686a000 	C:\WINDOWS\system32\mswsock.dll
0x00007ff96d3b0000 - 0x00007ff96d3c2000 	C:\Program Files\Java\jdk-14.0.1\bin\nio.dll
0x00007ff96dc20000 - 0x00007ff96dc3a000 	C:\Program Files\JetBrains\IntelliJ IDEA Community Edition 2020.2.3\bin\breakgen64.dll
0x00007ff96e970000 - 0x00007ff96e980000 	C:\Program Files\Java\jdk-14.0.1\bin\verify.dll
0x00007ff9811d0000 - 0x00007ff9811de000 	C:\Program Files\Java\jdk-14.0.1\bin\sunmscapi.dll
0x00007ff987590000 - 0x00007ff9876ed000 	C:\WINDOWS\System32\CRYPT32.dll
0x00007ff986af0000 - 0x00007ff986b17000 	C:\WINDOWS\SYSTEM32\ncrypt.dll
0x00007ff986ab0000 - 0x00007ff986aeb000 	C:\WINDOWS\SYSTEM32\NTASN1.dll
0x00007ff96a580000 - 0x00007ff96a5a5000 	C:\Program Files\Java\jdk-14.0.1\bin\sunec.dll
0x00007ff9869d0000 - 0x00007ff9869e8000 	C:\WINDOWS\SYSTEM32\CRYPTSP.dll
0x00007ff986120000 - 0x00007ff986154000 	C:\WINDOWS\system32\rsaenh.dll
0x00007ff9876f0000 - 0x00007ff987717000 	C:\WINDOWS\System32\bcrypt.dll
0x00007ff986ec0000 - 0x00007ff986eee000 	C:\WINDOWS\SYSTEM32\USERENV.dll
0x00007ff9869f0000 - 0x00007ff9869fc000 	C:\WINDOWS\SYSTEM32\CRYPTBASE.dll
0x00007ff9864a0000 - 0x00007ff9864db000 	C:\WINDOWS\SYSTEM32\IPHLPAPI.DLL
0x00007ff989100000 - 0x00007ff989108000 	C:\WINDOWS\System32\NSI.dll
0x00007ff980fe0000 - 0x00007ff980ff7000 	C:\WINDOWS\SYSTEM32\dhcpcsvc6.DLL
0x00007ff980fc0000 - 0x00007ff980fdd000 	C:\WINDOWS\SYSTEM32\dhcpcsvc.DLL
0x00007ff9864f0000 - 0x00007ff9865bb000 	C:\WINDOWS\SYSTEM32\DNSAPI.dll
0x00007ff97f140000 - 0x00007ff97f14a000 	C:\Windows\System32\rasadhlp.dll
0x00007ff97eea0000 - 0x00007ff97ef1f000 	C:\WINDOWS\System32\fwpuclnt.dll
0x0000022190740000 - 0x0000022190743000 	C:\Users\Aeon\.javacpp\cache\javacpp-1.5.4-windows-x86_64.jar\org\bytedeco\javacpp\windows-x86_64\api-ms-win-crt-locale-l1-1-0.dll
0x0000022190750000 - 0x0000022190754000 	C:\Users\Aeon\.javacpp\cache\javacpp-1.5.4-windows-x86_64.jar\org\bytedeco\javacpp\windows-x86_64\api-ms-win-crt-string-l1-1-0.dll
0x0000022190760000 - 0x0000022190764000 	C:\Users\Aeon\.javacpp\cache\javacpp-1.5.4-windows-x86_64.jar\org\bytedeco\javacpp\windows-x86_64\api-ms-win-crt-stdio-l1-1-0.dll
0x0000022190770000 - 0x0000022190775000 	C:\Users\Aeon\.javacpp\cache\javacpp-1.5.4-windows-x86_64.jar\org\bytedeco\javacpp\windows-x86_64\api-ms-win-crt-math-l1-1-0.dll
0x0000022190780000 - 0x0000022190783000 	C:\Users\Aeon\.javacpp\cache\javacpp-1.5.4-windows-x86_64.jar\org\bytedeco\javacpp\windows-x86_64\api-ms-win-crt-heap-l1-1-0.dll
0x0000022190790000 - 0x0000022190794000 	C:\Users\Aeon\.javacpp\cache\javacpp-1.5.4-windows-x86_64.jar\org\bytedeco\javacpp\windows-x86_64\api-ms-win-crt-runtime-l1-1-0.dll
0x00000221907a0000 - 0x00000221907a4000 	C:\Users\Aeon\.javacpp\cache\javacpp-1.5.4-windows-x86_64.jar\org\bytedeco\javacpp\windows-x86_64\api-ms-win-crt-convert-l1-1-0.dll
0x0000022191980000 - 0x0000022191983000 	C:\Users\Aeon\.javacpp\cache\javacpp-1.5.4-windows-x86_64.jar\org\bytedeco\javacpp\windows-x86_64\api-ms-win-crt-environment-l1-1-0.dll
0x0000022191990000 - 0x0000022191993000 	C:\Users\Aeon\.javacpp\cache\javacpp-1.5.4-windows-x86_64.jar\org\bytedeco\javacpp\windows-x86_64\api-ms-win-crt-time-l1-1-0.dll
0x00000221919a0000 - 0x00000221919a3000 	C:\Users\Aeon\.javacpp\cache\javacpp-1.5.4-windows-x86_64.jar\org\bytedeco\javacpp\windows-x86_64\api-ms-win-crt-filesystem-l1-1-0.dll
0x00000221919b0000 - 0x00000221919b3000 	C:\Users\Aeon\.javacpp\cache\javacpp-1.5.4-windows-x86_64.jar\org\bytedeco\javacpp\windows-x86_64\api-ms-win-crt-utility-l1-1-0.dll
0x00000221919c0000 - 0x00000221919c5000 	C:\Users\Aeon\.javacpp\cache\javacpp-1.5.4-windows-x86_64.jar\org\bytedeco\javacpp\windows-x86_64\api-ms-win-crt-multibyte-l1-1-0.dll
0x00000221919d0000 - 0x00000221919d3000 	C:\Users\Aeon\.javacpp\cache\javacpp-1.5.4-windows-x86_64.jar\org\bytedeco\javacpp\windows-x86_64\api-ms-win-core-string-l1-1-0.dll
0x00000221919e0000 - 0x00000221919e3000 	C:\Users\Aeon\.javacpp\cache\javacpp-1.5.4-windows-x86_64.jar\org\bytedeco\javacpp\windows-x86_64\api-ms-win-core-errorhandling-l1-1-0.dll
0x00000221919f0000 - 0x00000221919f3000 	C:\Users\Aeon\.javacpp\cache\javacpp-1.5.4-windows-x86_64.jar\org\bytedeco\javacpp\windows-x86_64\api-ms-win-core-timezone-l1-1-0.dll
0x0000022191a00000 - 0x0000022191a04000 	C:\Users\Aeon\.javacpp\cache\javacpp-1.5.4-windows-x86_64.jar\org\bytedeco\javacpp\windows-x86_64\api-ms-win-core-file-l1-1-0.dll
0x0000022191a10000 - 0x0000022191a13000 	C:\Users\Aeon\.javacpp\cache\javacpp-1.5.4-windows-x86_64.jar\org\bytedeco\javacpp\windows-x86_64\api-ms-win-core-namedpipe-l1-1-0.dll
0x0000022191a20000 - 0x0000022191a23000 	C:\Users\Aeon\.javacpp\cache\javacpp-1.5.4-windows-x86_64.jar\org\bytedeco\javacpp\windows-x86_64\api-ms-win-core-handle-l1-1-0.dll
0x0000022191a30000 - 0x0000022191a33000 	C:\Users\Aeon\.javacpp\cache\javacpp-1.5.4-windows-x86_64.jar\org\bytedeco\javacpp\windows-x86_64\api-ms-win-core-file-l2-1-0.dll
0x0000022191a40000 - 0x0000022191a43000 	C:\Users\Aeon\.javacpp\cache\javacpp-1.5.4-windows-x86_64.jar\org\bytedeco\javacpp\windows-x86_64\api-ms-win-core-heap-l1-1-0.dll
0x0000022191a50000 - 0x0000022191a53000 	C:\Users\Aeon\.javacpp\cache\javacpp-1.5.4-windows-x86_64.jar\org\bytedeco\javacpp\windows-x86_64\api-ms-win-core-libraryloader-l1-1-0.dll
0x0000022191a60000 - 0x0000022191a63000 	C:\Users\Aeon\.javacpp\cache\javacpp-1.5.4-windows-x86_64.jar\org\bytedeco\javacpp\windows-x86_64\api-ms-win-core-synch-l1-1-0.dll
0x0000022191a70000 - 0x0000022191a73000 	C:\Users\Aeon\.javacpp\cache\javacpp-1.5.4-windows-x86_64.jar\org\bytedeco\javacpp\windows-x86_64\api-ms-win-core-processthreads-l1-1-0.dll
0x0000022191a80000 - 0x0000022191a83000 	C:\Users\Aeon\.javacpp\cache\javacpp-1.5.4-windows-x86_64.jar\org\bytedeco\javacpp\windows-x86_64\api-ms-win-core-processenvironment-l1-1-0.dll
0x0000022191a90000 - 0x0000022191a93000 	C:\Users\Aeon\.javacpp\cache\javacpp-1.5.4-windows-x86_64.jar\org\bytedeco\javacpp\windows-x86_64\api-ms-win-core-datetime-l1-1-0.dll
0x0000022191aa0000 - 0x0000022191aa3000 	C:\Users\Aeon\.javacpp\cache\javacpp-1.5.4-windows-x86_64.jar\org\bytedeco\javacpp\windows-x86_64\api-ms-win-core-localization-l1-2-0.dll
0x0000022191ab0000 - 0x0000022191ab3000 	C:\Users\Aeon\.javacpp\cache\javacpp-1.5.4-windows-x86_64.jar\org\bytedeco\javacpp\windows-x86_64\api-ms-win-core-sysinfo-l1-1-0.dll
0x0000022191ac0000 - 0x0000022191ac3000 	C:\Users\Aeon\.javacpp\cache\javacpp-1.5.4-windows-x86_64.jar\org\bytedeco\javacpp\windows-x86_64\api-ms-win-core-synch-l1-2-0.dll
0x0000022191ad0000 - 0x0000022191ad3000 	C:\Users\Aeon\.javacpp\cache\javacpp-1.5.4-windows-x86_64.jar\org\bytedeco\javacpp\windows-x86_64\api-ms-win-core-console-l1-1-0.dll
0x0000022191ae0000 - 0x0000022191ae3000 	C:\Users\Aeon\.javacpp\cache\javacpp-1.5.4-windows-x86_64.jar\org\bytedeco\javacpp\windows-x86_64\api-ms-win-core-debug-l1-1-0.dll
0x0000022191af0000 - 0x0000022191af3000 	C:\Users\Aeon\.javacpp\cache\javacpp-1.5.4-windows-x86_64.jar\org\bytedeco\javacpp\windows-x86_64\api-ms-win-core-rtlsupport-l1-1-0.dll
0x0000022191b00000 - 0x0000022191b03000 	C:\Users\Aeon\.javacpp\cache\javacpp-1.5.4-windows-x86_64.jar\org\bytedeco\javacpp\windows-x86_64\api-ms-win-core-processthreads-l1-1-1.dll
0x0000022191b10000 - 0x0000022191b13000 	C:\Users\Aeon\.javacpp\cache\javacpp-1.5.4-windows-x86_64.jar\org\bytedeco\javacpp\windows-x86_64\api-ms-win-core-file-l1-2-0.dll
0x0000022191b20000 - 0x0000022191b23000 	C:\Users\Aeon\.javacpp\cache\javacpp-1.5.4-windows-x86_64.jar\org\bytedeco\javacpp\windows-x86_64\api-ms-win-core-profile-l1-1-0.dll
0x0000022191b30000 - 0x0000022191b33000 	C:\Users\Aeon\.javacpp\cache\javacpp-1.5.4-windows-x86_64.jar\org\bytedeco\javacpp\windows-x86_64\api-ms-win-core-memory-l1-1-0.dll
0x0000022191b40000 - 0x0000022191b43000 	C:\Users\Aeon\.javacpp\cache\javacpp-1.5.4-windows-x86_64.jar\org\bytedeco\javacpp\windows-x86_64\api-ms-win-core-util-l1-1-0.dll
0x0000022191b50000 - 0x0000022191b53000 	C:\Users\Aeon\.javacpp\cache\javacpp-1.5.4-windows-x86_64.jar\org\bytedeco\javacpp\windows-x86_64\api-ms-win-core-interlocked-l1-1-0.dll
0x00007ff927bd0000 - 0x00007ff927cca000 	C:\Users\Aeon\.javacpp\cache\javacpp-1.5.4-windows-x86_64.jar\org\bytedeco\javacpp\windows-x86_64\ucrtbase.dll
0x00007ff960660000 - 0x00007ff960675000 	C:\Users\Aeon\.javacpp\cache\javacpp-1.5.4-windows-x86_64.jar\org\bytedeco\javacpp\windows-x86_64\vcruntime140.dll
0x00007ff97c0a0000 - 0x00007ff97c0ac000 	C:\Users\Aeon\.javacpp\cache\javacpp-1.5.4-windows-x86_64.jar\org\bytedeco\javacpp\windows-x86_64\vcruntime140_1.dll
0x00007ff952170000 - 0x00007ff95220b000 	C:\Users\Aeon\.javacpp\cache\javacpp-1.5.4-windows-x86_64.jar\org\bytedeco\javacpp\windows-x86_64\msvcp140.dll
0x00007ff97c080000 - 0x00007ff97c089000 	C:\Users\Aeon\.javacpp\cache\javacpp-1.5.4-windows-x86_64.jar\org\bytedeco\javacpp\windows-x86_64\msvcp140_1.dll
0x00007ff950e00000 - 0x00007ff950e51000 	C:\Users\Aeon\.javacpp\cache\javacpp-1.5.4-windows-x86_64.jar\org\bytedeco\javacpp\windows-x86_64\concrt140.dll
0x00007ff952c20000 - 0x00007ff952c47000 	C:\Users\Aeon\.javacpp\cache\javacpp-1.5.4-windows-x86_64.jar\org\bytedeco\javacpp\windows-x86_64\vcomp140.dll
0x00007ff975300000 - 0x00007ff97530e000 	C:\Users\Aeon\.javacpp\cache\javacpp-1.5.4-windows-x86_64.jar\org\bytedeco\javacpp\windows-x86_64\jnijavacpp.dll
0x0000000064940000 - 0x0000000064955000 	C:\Users\Aeon\.javacpp\cache\leptonica-1.80.0-1.5.4-windows-x86_64.jar\org\bytedeco\leptonica\windows-x86_64\libwinpthread-1.dll
0x0000000061440000 - 0x000000006145c000 	C:\Users\Aeon\.javacpp\cache\leptonica-1.80.0-1.5.4-windows-x86_64.jar\org\bytedeco\leptonica\windows-x86_64\libgcc_s_seh-1.dll
0x0000000063600000 - 0x000000006362f000 	C:\Users\Aeon\.javacpp\cache\leptonica-1.80.0-1.5.4-windows-x86_64.jar\org\bytedeco\leptonica\windows-x86_64\libgomp-1.dll
0x000000006fc40000 - 0x000000006fda6000 	C:\Users\Aeon\.javacpp\cache\leptonica-1.80.0-1.5.4-windows-x86_64.jar\org\bytedeco\leptonica\windows-x86_64\libstdc++-6.dll
0x0000000000b40000 - 0x0000000001005000 	C:\Users\Aeon\.javacpp\cache\leptonica-1.80.0-1.5.4-windows-x86_64.jar\org\bytedeco\leptonica\windows-x86_64\liblept-5.dll
0x000000006bf40000 - 0x000000006c21a000 	C:\Users\Aeon\.javacpp\cache\leptonica-1.80.0-1.5.4-windows-x86_64.jar\org\bytedeco\leptonica\windows-x86_64\jnilept.dll
0x0000000065280000 - 0x0000000065580000 	C:\Users\Aeon\.javacpp\cache\tesseract-4.1.1-1.5.4-windows-x86_64.jar\org\bytedeco\tesseract\windows-x86_64\libtesseract-4.dll
0x0000000001010000 - 0x00000000010c2000 	C:\Users\Aeon\.javacpp\cache\tesseract-4.1.1-1.5.4-windows-x86_64.jar\org\bytedeco\tesseract\windows-x86_64\jnitesseract.dll

dbghelp: loaded successfully - version: 4.0.5 - missing functions: none
symbol engine: initialized successfully - sym options: 0x614 - pdb path: .;C:\Program Files\Java\jdk-14.0.1\bin;C:\WINDOWS\SYSTEM32;C:\WINDOWS\WinSxS\amd64_microsoft.windows.common-controls_6595b64144ccf1df_6.0.19041.488_none_ca04af081b815d21;C:\Program Files\Java\jdk-14.0.1\bin\server;C:\Program Files\JetBrains\IntelliJ IDEA Community Edition 2020.2.3\bin;C:\Users\Aeon\.javacpp\cache\javacpp-1.5.4-windows-x86_64.jar\org\bytedeco\javacpp\windows-x86_64;C:\Users\Aeon\.javacpp\cache\leptonica-1.80.0-1.5.4-windows-x86_64.jar\org\bytedeco\leptonica\windows-x86_64;C:\Users\Aeon\.javacpp\cache\tesseract-4.1.1-1.5.4-windows-x86_64.jar\org\bytedeco\tesseract\windows-x86_64

VM Arguments:
jvm_args: -javaagent:C:\Program Files\JetBrains\IntelliJ IDEA Community Edition 2020.2.3\lib\idea_rt.jar=57395:C:\Program Files\JetBrains\IntelliJ IDEA Community Edition 2020.2.3\bin -Dfile.encoding=UTF-8 
java_command: me.agramon.overseer.Overseer
java_class_path (initial): C:\A\Projects\Overseer\out\production\classes;C:\A\Projects\Overseer\out\production\resources;C:\Users\Aeon\.gradle\caches\modules-2\files-2.1\net.dv8tion\JDA\4.2.0_227\b3d10bc47043ac606600ebd41bf28b4bf5b185e8\JDA-4.2.0_227.jar;C:\Users\Aeon\.gradle\caches\modules-2\files-2.1\ch.qos.logback\logback-classic\1.2.3\7c4f3c474fb2c041d8028740440937705ebb473a\logback-classic-1.2.3.jar;C:\Users\Aeon\.gradle\caches\modules-2\files-2.1\io.github.cdimascio\java-dotenv\5.2.1\4fbe4e8f6dde584da8b37d67bd118d9fc15b7fc4\java-dotenv-5.2.1.jar;C:\Users\Aeon\.gradle\caches\modules-2\files-2.1\commons-io\commons-io\1.3.2\b6dde38349ba9bb5e6ea6320531eae969985dae5\commons-io-1.3.2.jar;C:\Users\Aeon\.gradle\caches\modules-2\files-2.1\junit\junit\4.13.1\cdd00374f1fee76b11e2a9d127405aa3f6be5b6a\junit-4.13.1.jar;C:\Users\Aeon\.gradle\caches\modules-2\files-2.1\org.slf4j\slf4j-api\1.7.30\b5a4b6d16ab13e34a88fae84c35cd5d68cac922c\slf4j-api-1.7.30.jar;C:\Users\Aeon\.gradle\caches\modules-2\files-2.1\me.duncte123\botCommons\BETA_2.0.110\73f5b4132d45f4c33e8c2c3d287d324dfd131ed5\botCommons-BETA_2.0.110.jar;C:\Users\Aeon\.gradle\caches\modules-2\files-2.1\org.jsoup\jsoup\1.13.1\f9577f3732bb7caa4fee8aba5053158f4010c118\jsoup-1.13.1.jar;C:\Users\Aeon\.gradle\caches\modules-2\files-2.1\org.apache.commons\commons-lang3\3.11\68e9a6adf7cf8eb7e9d31bbc554c7c75eeaac568\commons-lang3-3.11.jar;C:\Users\Aeon\.gradle\caches\modules-2\files-2.1\org.seleniumhq.selenium\selenium-java\3.141.59\e8e20b741299cb8ffedbd2925a3ab69d08b41063\selenium-java-3.141.59.jar;C:\Users\Aeon\.gradle\caches\modules-2\files-2.1\org.json\json\20201115\f8e7a9953822c90e0701c3cd50764b5e9063f85c\json-20201115.jar;C:\Users\Aeon\.gradle\caches\modules-2\files-2.1\org.bytedeco\tesseract-platform\4.1.1-1.5.4\92fdb75315c04919fbeb172259a35aa0c3c8c43e\tesseract-platform-4.1.1-1.5.4.jar;C:\Users\Aeon\.gradle\caches\modules-2\files-2.1\com.google.code.findbugs\jsr305\3.0.2\25ea2e8b0c338a877313bd4672d3fe056ea78f0d\jsr305-3.
Launcher Type: SUN_STANDARD

[Global flags]
     intx CICompilerCount                          = 12                                        {product} {ergonomic}
     uint ConcGCThreads                            = 3                                         {product} {ergonomic}
     uint G1ConcRefinementThreads                  = 13                                        {product} {ergonomic}
   size_t G1HeapRegionSize                         = 1048576                                   {product} {ergonomic}
    uintx GCDrainStackTargetSize                   = 64                                        {product} {ergonomic}
   size_t InitialHeapSize                          = 260046848                                 {product} {ergonomic}
   size_t MarkStackSize                            = 4194304                                   {product} {ergonomic}
   size_t MaxHeapSize                              = 4139778048                                {product} {ergonomic}
   size_t MaxNewSize                               = 2483027968                                {product} {ergonomic}
   size_t MinHeapDeltaBytes                        = 1048576                                   {product} {ergonomic}
   size_t MinHeapSize                              = 8388608                                   {product} {ergonomic}
    uintx NonNMethodCodeHeapSize                   = 7602480                                {pd product} {ergonomic}
    uintx NonProfiledCodeHeapSize                  = 122027880                              {pd product} {ergonomic}
    uintx ProfiledCodeHeapSize                     = 122027880                              {pd product} {ergonomic}
    uintx ReservedCodeCacheSize                    = 251658240                              {pd product} {ergonomic}
     bool SegmentedCodeCache                       = true                                      {product} {ergonomic}
   size_t SoftMaxHeapSize                          = 4139778048                             {manageable} {ergonomic}
     bool UseCompressedClassPointers               = true                                 {lp64_product} {ergonomic}
     bool UseCompressedOops                        = true                                 {lp64_product} {ergonomic}
     bool UseG1GC                                  = true                                      {product} {ergonomic}
     bool UseLargePagesIndividualAllocation        = false                                  {pd product} {ergonomic}

Logging:
Log output configuration:
 #0: stdout all=warning uptime,level,tags
 #1: stderr all=off uptime,level,tags

Environment Variables:
JAVA_HOME=C:\Program Files\Java\jdk-14.0.1
PATH=C:\Program Files\Java\jdk-14.0.1\bin;C:\Program Files\NVIDIA GPU Computing Toolkit\CUDA\v10.2\bin;C:\Program Files\NVIDIA GPU Computing Toolkit\CUDA\v10.2\libnvvp;C:\Program Files (x86)\Common Files\Oracle\Java\javapath;C:\WINDOWS\system32;C:\WINDOWS;C:\WINDOWS\system32\wbem;C:\WINDOWS\system32\windowspowershell\v1.0\;c:\windows\system32;c:\windows;c:\windows\system32\wbem;c:\windows\system32\windowspowershell\v1.0\;c:\windows\system32\openssh\;c:\program files (x86)\nvidia corporation\physx\common;C:\Program Files\wureset;C:\Program Files\Git\cmd;C:\WINDOWS\System32\Wbem;C:\WINDOWS\System32\WindowsPowerShell\v1.0\;C:\WINDOWS\System32\OpenSSH\;C:\Program Files\NVIDIA Corporation\NVIDIA NvDLISR;C:\Program Files\NVIDIA Corporation\Nsight Compute 2019.5.0\;C:\Program Files (x86)\Gradle\gradle-6.8.1\bin;;%SystemRoot%\system32;%SystemRoot%;%SystemRoot%\System32\Wbem;%SYSTEMROOT%\System32\WindowsPowerShell\v1.0\;%SYSTEMROOT%\System32\OpenSSH\;C:\Program Files\Java\jdk-14.0.1\bin;C:\Users\Aeon\AppData\Local\Programs\Python\Python37\Scripts\;C:\Users\Aeon\AppData\Local\Programs\Python\Python37\;C:\Users\Aeon\AppData\Local\Microsoft\WindowsApps;;C:\Program Files (x86)\SSH Communications Security\SSH Secure Shell
USERNAME=Aeon
OS=Windows_NT
PROCESSOR_IDENTIFIER=AMD64 Family 23 Model 96 Stepping 1, AuthenticAMD



---------------  S Y S T E M  ---------------

OS: Windows 10 , 64 bit Build 19041 (10.0.19041.546)
OS uptime: 1 days 17:26 hours

CPU:total 16 (initial active 16) (16 cores per cpu, 2 threads per core) family 23 model 96 stepping 1, cmov, cx8, fxsr, mmx, sse, sse2, sse3, ssse3, sse4.1, sse4.2, popcnt, avx, avx2, aes, clmul, mmxext, 3dnowpref, lzcnt, sse4a, ht, tsc, tscinvbit, tscinv, bmi1, bmi2, adx, sha, fma

Memory: 4k page, system-wide physical 15789M (5482M free)
TotalPageFile size 18477M (AvailPageFile size 3903M)
current process WorkingSet (physical memory assigned to process): 221M, peak: 221M
current process commit charge ("private bytes"): 303M, peak: 402M

vm_info: Java HotSpot(TM) 64-Bit Server VM (14.0.1+7) for windows-amd64 JRE (14.0.1+7), built on Mar  5 2020 10:30:14 by "mach5one" with MS VC++ 15.9 (VS2017)

END.
